20240103	10:17:01	 35407073-4852-4fb5-a6f2-08106d23ee87	GET	/user-info	undefined
20240103	10:17:01	 7a0914dc-3205-4db3-a833-4f6193d41f75	GET	/projects	undefined
20240103	10:17:17	 6e940be3-6ec6-46eb-b959-cfcebdc85af8	GET	/projects	undefined
20240103	10:17:18	 829c78f2-3749-4055-90e1-f44c375adf25	GET	/user-info	undefined
20240103	10:18:03	 b4a9afeb-d774-4f7a-8ab1-c375e068c456	GET	/user-info	undefined
20240103	10:18:03	 3881f8b9-bef4-4f04-951a-c39f9b0c6d81	GET	/projects	undefined
20240103	10:18:18	 28e0439b-439b-4129-b191-7eed94bfb742	GET	/projects	undefined
20240103	10:18:19	 2ca7f9ca-df68-4c73-8d02-c64e19e43391	GET	/user-info	undefined
20240103	10:19:04	 0b33bfbc-453c-41b2-85a1-36a51bd28b37	GET	/user-info	undefined
20240103	10:19:04	 62de7fc3-603c-48ec-bbaf-ea8d7ea73d47	GET	/projects	undefined
20240103	10:19:19	 80769559-00c2-4ca2-af8a-1297488f16b8	GET	/projects	undefined
20240103	10:19:20	 580b14e6-3c74-4ebd-97c0-206d2494c7be	GET	/user-info	undefined
20240103	10:20:05	 cdb2be5f-4f97-4157-abeb-5af88c9aebc3	GET	/user-info	undefined
20240103	10:20:05	 0a1b159b-a343-4771-98bc-b3ccf5fbc58b	GET	/projects	undefined
20240103	10:20:20	 01659c6d-f6ff-4f1a-b961-3f5a63078cb5	GET	/projects	undefined
20240103	10:20:21	 962effdf-8fcf-4e06-9c4b-b65b368afae6	GET	/user-info	undefined
20240103	10:21:06	 c7f2c622-3a58-4dc0-8104-08bc9ec2e20c	GET	/user-info	undefined
20240103	10:21:06	 e0a7ecdf-857b-4379-8dd7-307f0d0dd567	GET	/projects	undefined
20240103	10:21:21	 28818e4d-e6d2-4fc5-bf06-49ce25368020	GET	/projects	undefined
20240103	10:21:22	 8fc87763-258f-499e-8a95-c8674d2045a2	GET	/user-info	undefined
20240103	10:22:07	 4442b4a5-a94a-4000-b70f-eb90849d3970	GET	/user-info	undefined
20240103	10:22:07	 edc3a026-2c10-4900-8820-450e4a7104d7	GET	/projects	undefined
20240103	10:22:17	 5e922ecd-6cf3-4167-b9c7-3f4bd0a7c375	GET	/user-info	undefined
20240103	10:22:17	 5d02c01f-e612-45ba-b7bb-84570bf773ac	GET	/projects	undefined
20240103	10:22:22	 c48dbb03-109e-4f9f-8ea3-fcfebd6545b1	GET	/projects	undefined
20240103	10:22:23	 11fece7b-e287-4676-8e4f-a091984ddac2	GET	/user-info	undefined
20240103	10:22:26	 af881a30-dce3-46d1-851b-0034ae9fc775	OPTIONS	/auth	undefined
20240103	10:22:26	 61983db9-084c-41c9-8341-506350d6f5c6	POST	/auth	undefined
20240103	10:22:26	 688e73d6-9698-43c1-988b-82c2f2857b37	OPTIONS	/user-info	undefined
20240103	10:22:26	 b5d85cd7-32ba-4d53-9d84-d58e90fb074f	GET	/user-info	undefined
20240103	10:22:51	 eee1a4c9-0e8c-4bf7-9cb6-74ac48ac5adb	OPTIONS	/user-info	undefined
20240103	10:22:51	 72240118-5761-4363-a6dd-e211c7cfe1e2	PATCH	/user-info	undefined
20240103	10:22:51	 cee2bec8-d6ab-4b52-8e83-1761d6c06dfe	GET	/user-info	undefined
20240103	10:23:23	 a7f07190-84ee-43c5-8054-4c14e7d9fc93	GET	/projects	undefined
20240103	10:23:24	 4147dc00-7dc2-4148-8e13-5537c15cd5b1	GET	/user-info	undefined
20240103	10:23:42	 e50799c6-2949-4d30-92bb-60203adc9cce	OPTIONS	/user-info	undefined
20240103	10:23:42	 59e95ac8-45f9-4076-93f0-3680d69fec49	GET	/user-info	undefined
20240103	10:23:44	 41c7677d-cba3-483f-9023-ad8eb9f041d6	GET	/user-info	undefined
20240103	10:23:44	 8b16a512-0f25-4eba-a718-5e310962be28	OPTIONS	/projects	undefined
20240103	10:23:44	 fb0dd939-d0da-4ea7-85ba-46b7b63c5d08	OPTIONS	/interests	undefined
20240103	10:23:44	 dc6309eb-eab6-44b4-9cbc-a187f519adb9	GET	/projects	undefined
20240103	10:23:44	 880a753f-f4fa-4b11-b884-9d382a04976f	GET	/interests	undefined
20240103	10:24:24	 1cd45eb4-a0c4-4b73-9a2d-a9ab88bd9118	GET	/projects	undefined
20240103	10:24:25	 c12a94da-b400-4c36-bf97-803e62047f07	GET	/user-info	undefined
20240103	10:24:44	 a3ee0c9e-fc93-4489-b8d1-2dadae22c7f8	OPTIONS	/user-info	undefined
20240103	10:24:44	 c8e772f7-a20a-4309-869d-44078efcb812	OPTIONS	/projects	undefined
20240103	10:24:44	 327fbe91-5379-40cb-b223-9c40b02b5602	GET	/user-info	undefined
20240103	10:24:44	 1bc59698-18f5-45b6-8537-87d8b96e6c01	GET	/projects	undefined
20240103	10:25:25	 af8a401b-465d-41c1-828e-29f1d99c10ef	GET	/projects	undefined
20240103	10:25:26	 5578202a-f8bb-48f5-b902-6511f92f4a22	GET	/user-info	undefined
20240103	10:25:45	 3eae3059-d58e-4fbd-9449-ef395225ba24	OPTIONS	/user-info	undefined
20240103	10:25:45	 e7dbb13a-da92-43f8-88c7-4b0ca745068d	OPTIONS	/projects	undefined
20240103	10:25:45	 9e6cf65f-9576-41d3-a126-62d31d62920a	GET	/user-info	undefined
20240103	10:25:45	 65b1ba34-00f2-4305-967d-6ce1c3ab2a7a	GET	/projects	undefined
20240103	10:26:26	 141135f0-edc5-4c03-8b9e-dcf147c71c12	GET	/projects	undefined
20240103	10:26:27	 61aa7aab-1c62-46b4-be84-189606ff80dc	GET	/user-info	undefined
20240103	10:26:32	 5d2be1e8-afff-4b99-9fbd-63ff1e641a4b	OPTIONS	/user-info	undefined
20240103	10:26:32	 a1ab5bb5-1946-48de-bed0-edba751efdf8	OPTIONS	/projects	undefined
20240103	10:26:32	 23206d7a-df29-4519-b866-40534bed7337	GET	/user-info	undefined
20240103	10:26:32	 340851ba-8ce0-4eb9-bd75-337edc8b8e57	GET	/projects	undefined
20240103	10:27:05	 33a81cfe-b061-440c-8633-faee474bc9d4	OPTIONS	/user-info	undefined
20240103	10:27:05	 f9f86742-ec84-4989-91d2-b5d570479761	OPTIONS	/projects	undefined
20240103	10:27:05	 523411a7-33ab-440c-aadc-2316b8080044	GET	/user-info	undefined
20240103	10:27:05	 39d1d53a-0fd3-40e7-a742-6fd0167cc098	GET	/projects	undefined
20240103	10:27:07	 f3b07d5a-6ae7-4b34-8840-21d00ad4fe0d	OPTIONS	/skills	undefined
20240103	10:27:07	 e3196a8f-8a14-4123-a76c-1b03c2aa140a	OPTIONS	/education	undefined
20240103	10:27:07	 148cb0df-e7ec-4b6c-a44f-a195b377b689	GET	/user-info	undefined
20240103	10:27:07	 c57bcc2e-a23e-4c89-9b3f-de40ff2bc118	GET	/skills	undefined
20240103	10:27:07	 e7fc7198-8576-4b19-89f9-d7f75ef36b98	GET	/education	undefined
20240103	10:27:11	 06ea1609-3cda-4d5c-94cd-d41a6d573de0	OPTIONS	/user-info	undefined
20240103	10:27:11	 679e6e4e-d009-4ede-9762-1b9e919a7265	GET	/user-info	undefined
20240103	10:27:27	 2de0a112-06be-4ce7-a6b5-d7fd8eea8ba8	GET	/projects	undefined
20240103	10:27:28	 0bb24515-d705-423f-9f32-30b478704f33	GET	/user-info	undefined
20240103	10:27:56	 dab5597a-f769-4488-b697-beca3e1f818b	OPTIONS	/user-info	undefined
20240103	10:27:56	 458a4a87-1fc5-44f8-9924-bbcd6b98bdec	PATCH	/user-info	undefined
20240103	10:27:56	 1d7a7de9-a377-4a4b-9a7d-57b3244caeef	GET	/user-info	undefined
20240103	10:27:58	 ef93005b-c0e4-49ba-b367-9d83ad365e20	GET	/user-info	undefined
20240103	10:27:58	 28366d2b-775d-4c38-9c5f-e472759795e6	OPTIONS	/projects	undefined
20240103	10:27:58	 fa308501-992d-4e8b-899d-52cac2814d8d	GET	/projects	undefined
20240103	10:28:02	 450453ce-763e-412a-8bc0-91a6944bd23b	OPTIONS	/skills	undefined
20240103	10:28:02	 258cff47-fade-48c7-9132-411962bbb78a	OPTIONS	/user-info	undefined
20240103	10:28:02	 ec8dcda2-c55e-4584-a570-1750b857782a	GET	/skills	undefined
20240103	10:28:02	 9c4ca5fe-3e1d-4abd-942f-acce4f6d37bc	GET	/user-info	undefined
20240103	10:28:18	 ac338873-2b8f-4ecf-8246-91ddcfda6932	OPTIONS	/projects	undefined
20240103	10:28:18	 7c4dd4e2-9703-4e31-b856-ed0ccd45ae6b	OPTIONS	/user-info	undefined
20240103	10:28:18	 37fabc7d-8a5e-4110-9ddb-0bc7af082852	GET	/projects	undefined
20240103	10:28:18	 7762e1d7-65b9-4f8b-b93a-872a450d63bd	GET	/user-info	undefined
20240103	10:28:28	 e25cc485-e727-4462-80ca-02338a3ace97	GET	/projects	undefined
20240103	10:28:29	 785ddc1c-fd15-4af3-8ed9-f9da4f9e870d	GET	/user-info	undefined
20240103	10:29:12	 ddfbb04c-7d2d-4764-b46d-452c74147936	GET	/user-info	undefined
20240103	10:29:12	 d95692c7-93b5-4a44-8430-a1310814a775	GET	/user-info	undefined
20240103	10:29:14	 be71b453-8971-49da-99aa-1a118f0f9879	GET	/projects	undefined
20240103	10:29:14	 f0f51e37-584e-462f-9195-21e17a8ff841	GET	/user-info	undefined
20240103	10:29:14	 a3c6551d-60dd-45ed-8a13-ed1c80cbba15	GET	/interests	undefined
20240103	10:29:21	 ce263a88-a03c-4c09-905a-8b90de6b82cd	GET	/skills	undefined
20240103	10:29:21	 563a4fb3-1f6e-4f37-a3c2-05c881aa1d74	GET	/education	undefined
20240103	10:29:21	 0151df09-5013-4019-aa65-c6d3c0d1c4cd	GET	/user-info	undefined
20240103	10:29:23	 001cc933-1ed8-44a3-b2bc-bc169574e545	GET	/user-info	undefined
20240103	10:29:27	 1fd48567-93d2-4394-95fd-387be2b42fd9	GET	/user-info	undefined
20240103	10:29:27	 a89d0583-b544-441d-9ccc-5df49bd0b15f	GET	/projects	undefined
20240103	10:29:29	 7fe9efde-1597-49ad-b9c9-f79868d1fac1	GET	/projects	undefined
20240103	10:29:30	 08140ef6-1fab-408b-a05b-ca397d5abea3	GET	/user-info	undefined
20240103	10:30:27	 c5024659-b96a-4d5a-965c-35fa1a950da0	GET	/user-info	undefined
20240103	10:30:27	 bdfab457-3ed1-475f-8d9c-482f58fd444a	GET	/projects	undefined
20240103	10:30:30	 b9fb8ac3-21a9-43cb-a523-3724b282ca48	GET	/projects	undefined
20240103	10:30:31	 ecbdab24-84e2-48e8-bc3f-bf72813b2ffa	GET	/user-info	undefined
20240103	10:30:48	 b5f98351-bb78-4203-a228-7a44b78b6870	GET	/projects	undefined
20240103	10:31:28	 98cb9f38-dd1f-46bd-a698-36dcd453466b	GET	/user-info	undefined
20240103	10:31:31	 534a9190-dfce-4d57-a4d4-cf751554840e	GET	/projects	undefined
20240103	10:31:32	 3691b4d1-324a-46e5-9c99-844d15eb9041	GET	/user-info	undefined
20240103	10:31:49	 f4742abe-da66-4638-9787-f6fb181726a8	GET	/projects	undefined
20240103	10:31:53	 628e7748-96ea-442e-b055-6fa3601bb9e4	GET	/user-info	undefined
20240103	10:31:53	 bba1dfca-3c9a-4833-aaee-49a26cd0193d	GET	/projects	undefined
20240103	10:32:32	 1f387479-0dcf-4e2f-93a0-ece8ff658f44	GET	/projects	undefined
20240103	10:32:33	 6dcf4657-a389-487d-aaf4-74dee29add0d	GET	/user-info	undefined
20240103	10:33:33	 628f3ef3-90b7-48a0-85cb-14eda4440230	GET	/projects	undefined
20240103	10:33:34	 6c085258-1be2-4477-9a32-831c916a6141	GET	/user-info	undefined
20240103	10:33:44	 035df316-29c5-4fa0-9c8f-6232943559a5	GET	/user-info	undefined
20240103	10:33:44	 0a2b77a6-1586-4aa2-b31b-30aa5e3de3a4	GET	/projects	undefined
20240103	10:33:44	 b756c605-395e-4a26-8612-88639ec44737	GET	/interests	undefined
20240103	10:33:55	 b0946841-c89c-489f-882c-4374fafa940d	GET	/education	undefined
20240103	10:33:55	 3d5c51db-b0a2-4805-88f3-954b1b9f9741	GET	/skills	undefined
20240103	10:33:55	 7df7565e-bf08-44fb-93d6-be36eede452b	GET	/user-info	undefined
20240103	10:33:58	 3e990b5c-6bfd-4b93-a99d-1777891abc60	GET	/user-info	undefined
20240103	10:33:58	 63f8c262-66ae-4d46-aa0e-066038dcc878	GET	/user-info	undefined
20240103	10:33:59	 305c5d06-06e2-42af-b49d-89d880c533dc	GET	/projects	undefined
20240103	10:33:59	 f81fb5d4-cb1a-4b7b-9d66-6dcaff97ee56	GET	/user-info	undefined
20240103	10:34:09	 0c9a0c80-5698-4817-b748-88f8652f99e7	GET	/projects	undefined
20240103	10:34:09	 152e1433-2717-42f5-a6a9-83c07f185b71	GET	/interests	undefined
20240103	10:34:10	 b7de87e8-f629-4382-a4e4-b7ca35ee72d1	GET	/projects	undefined
20240103	10:34:34	 bbe2c6b5-4b63-4c02-9f0f-c8562af96687	GET	/projects	undefined
20240103	10:34:35	 11b28e38-ccba-4084-952e-32c048a08cb8	GET	/user-info	undefined
20240103	10:34:46	 e580c799-1c11-4cdc-acf8-b42b936d6648	GET	/user-info	undefined
20240103	10:34:46	 171ec91e-26ff-41b8-a2b2-4aad06a4953c	GET	/user-info	undefined
20240103	10:35:35	 53146a2e-55fd-4c66-af1f-edb51160ec10	GET	/projects	undefined
20240103	10:35:36	 aa3034c7-1277-4796-89f5-d847c47b7087	GET	/user-info	undefined
20240103	10:36:36	 2ccc9450-6c30-49be-af93-9ac6410ac301	GET	/projects	undefined
20240103	10:36:37	 1fa0e0e0-6b28-45f5-8629-449719186fb6	GET	/user-info	undefined
20240103	10:37:37	 3f86ec07-adee-4831-bcc5-a46032dcd32d	GET	/projects	undefined
20240103	10:37:38	 e9f9ea6c-fb09-4751-bad9-1abdd2b4cdfb	GET	/user-info	undefined
20240103	10:38:38	 a2242ed5-1df3-4830-b10f-7a801e53b700	GET	/projects	undefined
20240103	10:38:39	 f8d4692a-cd42-49cd-9813-f4adbf04409d	GET	/user-info	undefined
20240103	10:39:39	 ff438b67-277e-4a31-a613-d3b654c46d89	GET	/projects	undefined
20240103	10:39:40	 5e504a6a-fc42-4f54-ae3a-4180f48d1729	GET	/user-info	undefined
20240103	10:40:40	 5d64fa3a-94df-4281-9c70-3871187f4993	GET	/projects	undefined
20240103	10:40:41	 cfaf0fa8-4e68-4b20-8050-baf1a07d00bc	GET	/user-info	undefined
20240103	10:41:41	 6c833955-7974-4b4f-9671-e41cb5db1724	GET	/projects	undefined
20240103	10:41:42	 1c7880dd-78d1-484b-b0c5-da5302ca05b8	GET	/user-info	undefined
20240103	10:42:42	 b9eee5dc-e907-44c1-a04e-e333d9aa8e89	GET	/projects	undefined
20240103	10:42:43	 4ec6a9bf-932d-4cfa-9a91-bddfbdf137d3	GET	/user-info	undefined
20240103	10:43:43	 b3105ff8-f0b5-455f-b3e4-f851992e4e73	GET	/projects	undefined
20240103	10:43:44	 c01f72ff-6157-496f-967d-68334d81abcb	GET	/user-info	undefined
20240103	10:44:44	 31975343-7fac-47f3-a600-c53219b648dc	GET	/projects	undefined
20240103	10:44:45	 7fd3bfb2-3484-4bd5-b3a4-0e1e4d8835fd	GET	/user-info	undefined
20240103	10:45:45	 d768dc4a-d6da-41a1-8f44-5a83f0518253	GET	/projects	undefined
20240103	10:45:46	 ef76f151-c160-495b-9608-6ecf089323a0	GET	/user-info	undefined
20240103	10:46:46	 e79c4696-62c7-4b9e-b210-c421c0944fe9	GET	/projects	undefined
20240103	10:46:47	 74adf954-a8b8-421a-9018-b2d751d29933	GET	/user-info	undefined
20240103	10:47:47	 e23e02be-2f7a-415a-8314-98746134686f	GET	/projects	undefined
20240103	10:47:48	 38d190ab-0bf0-470e-a282-7d389dec1a85	GET	/user-info	undefined
20240103	10:48:48	 bae6c21b-0b46-48b6-a758-fe1017680512	GET	/projects	undefined
20240103	10:48:49	 9185e107-e79c-4857-84b8-6829dbfbd57a	GET	/user-info	undefined
20240103	10:49:49	 4fa27f06-78d5-403b-84a9-ad0edc748967	GET	/projects	undefined
20240103	10:49:50	 3c124e2f-ffba-44e2-9e70-3c5ce49d2e65	GET	/user-info	undefined
20240103	10:50:50	 28e6767a-e157-495f-9b7a-5fcc335037d3	GET	/projects	undefined
20240103	10:50:51	 dfda66f4-5c82-4463-8e84-ab7302e71d13	GET	/user-info	undefined
20240103	10:51:51	 47b284fc-eb89-4675-a60f-a2a2db232870	GET	/projects	undefined
20240103	10:51:52	 c11f3084-3afa-4536-978e-604e42ac18e1	GET	/user-info	undefined
20240103	10:52:52	 0c31e3ce-c9a4-46b9-b0d0-43a35d3a3f7b	GET	/projects	undefined
20240103	10:52:53	 85563a34-9c78-4177-a9ad-7024e1f4434d	GET	/user-info	undefined
20240103	10:53:53	 7aa037bb-a477-42ed-bb45-3f486f9c9d35	GET	/projects	undefined
20240103	10:53:54	 851d2fe6-6c9b-4424-b95a-480eb3086ce0	GET	/user-info	undefined
20240103	10:54:54	 5b27ab9e-29ca-439f-9e5b-ef7e7625054a	GET	/projects	undefined
20240103	10:54:55	 a155aa03-57b7-4373-b8dd-323eb6fd384a	GET	/user-info	undefined
20240103	10:55:55	 b5247a4b-0bc9-40a4-aec3-c4f0e0796374	GET	/projects	undefined
20240103	10:55:56	 d324d45f-d066-446b-93b1-1219ec995e86	GET	/user-info	undefined
20240103	10:56:56	 9cfe11e8-1b13-4151-9081-3c8876f19cdf	GET	/projects	undefined
20240103	10:56:57	 e48d006b-fe40-4b2c-a09e-fe4e433ff5ac	GET	/user-info	undefined
20240103	10:57:57	 b05ef869-4d8e-4ec1-ad17-a02adb9c8527	GET	/projects	undefined
20240103	10:57:58	 bca7a249-58db-4585-aa91-cdefb47e3bd9	GET	/user-info	undefined
20240103	10:58:58	 2909ab85-f8da-407e-92a3-c645fb8a15dc	GET	/projects	undefined
20240103	10:58:59	 97df6ec4-037b-4220-934b-2411baa26f1e	GET	/user-info	undefined
20240103	10:59:59	 c068c49d-11bd-4915-97b1-6e8c431ffa67	GET	/projects	undefined
20240103	11:00:00	 77291e93-7e15-4667-8e69-699e6440dcb0	GET	/user-info	undefined
20240103	11:01:00	 1b0f50e9-951b-4ed8-97ba-764ccfbae640	GET	/projects	undefined
20240103	11:01:01	 d7e65bb5-838c-4466-9ab5-b378830b58e0	GET	/user-info	undefined
20240103	11:02:01	 cb65ce8c-c9bd-410f-865a-035ca1c69343	GET	/projects	undefined
20240103	11:02:02	 c6e6d46a-4bc4-46cc-894d-2eb074639b28	GET	/user-info	undefined
20240103	11:03:02	 1d2d3886-737d-4b40-8545-f9eaa806c1eb	GET	/projects	undefined
20240103	11:03:03	 13bb9628-8d99-45a2-a372-61c3599de164	GET	/user-info	undefined
20240103	11:04:03	 d738641d-e3b0-403f-b6c5-1fd6c8e81dbe	GET	/projects	undefined
20240103	11:04:04	 d9ad4d1a-c101-4192-a59f-7a989e3c923d	GET	/user-info	undefined
20240103	11:05:04	 c5cc1486-4528-440b-a498-d6dd60372d83	GET	/projects	undefined
20240103	11:05:05	 828019c8-529e-4cc4-b79a-7126aa04c0be	GET	/user-info	undefined
20240103	11:06:05	 e83d72d4-2b4b-4fa5-a339-127f495186bb	GET	/projects	undefined
20240103	11:06:06	 1997fc60-9e17-4e4c-b505-61ef2fe82e5f	GET	/user-info	undefined
20240103	11:07:06	 343616dd-10b3-4042-b224-92bd687fa244	GET	/projects	undefined
20240103	11:07:07	 83650b3a-0fcc-4ce8-b285-08982deaa324	GET	/user-info	undefined
20240103	11:08:07	 a4039b24-3544-4ff2-8095-e46ec4f162b5	GET	/projects	undefined
20240103	11:08:08	 206c84d6-6dbd-498d-8f53-e27d5f01bfac	GET	/user-info	undefined
20240103	11:09:08	 2abea77b-f310-4be7-b3d3-cde0508b53e3	GET	/projects	undefined
20240103	11:09:09	 f2bd30c3-fcc3-4747-a48c-fc10378efff5	GET	/user-info	undefined
20240103	11:10:09	 9e9230b6-70a5-4428-a1a6-6ec0e3bc826b	GET	/projects	undefined
20240103	11:10:10	 9bc2214b-78f3-43c9-a54a-3beebcff2cdd	GET	/user-info	undefined
20240103	11:11:10	 d556b01e-b315-4280-aebd-227f1d489c34	GET	/projects	undefined
20240103	11:11:11	 6d91b5b4-5553-40b7-9ed9-0da7f4138e0a	GET	/user-info	undefined
20240103	11:12:11	 bd993323-5857-4405-a8dc-0c8ea0bac8e6	GET	/projects	undefined
20240103	11:12:12	 f56a6d89-a579-4577-a41e-c0290bebbc03	GET	/user-info	undefined
20240103	11:13:12	 33c3351e-32c1-4d43-a87a-ffa8b87b8e6d	GET	/projects	undefined
20240103	11:13:13	 486f3f9e-d966-4c26-8d6e-62aa01d98394	GET	/user-info	undefined
20240103	11:14:13	 84b0b637-c725-46ef-8f98-1375d65088fc	GET	/projects	undefined
20240103	11:14:14	 a9c122aa-e5fd-4969-88b2-d8410fd64a5d	GET	/user-info	undefined
20240103	11:15:14	 49d6f883-6bd1-4658-abda-af7e952e1cd1	GET	/projects	undefined
20240103	11:15:15	 34fc9c45-efbc-4d4e-bd3b-e244226a069b	GET	/user-info	undefined
20240103	11:16:15	 f6621598-3e19-400b-9bc1-fc3feba06cef	GET	/projects	undefined
20240103	11:16:16	 45b726c5-4f9a-406d-acde-9becf34551e0	GET	/user-info	undefined
20240103	11:17:16	 5bbf9a43-0bd9-4983-bb51-94278e7ed61e	GET	/projects	undefined
20240103	11:17:17	 79ea2d00-25e6-4e12-ba65-a7cd01409ad7	GET	/user-info	undefined
20240103	11:18:17	 16305bf1-6944-4b6a-b570-a44dc41c3fa1	GET	/projects	undefined
20240103	11:18:18	 b07762a3-bf46-4c87-94c2-8aaed795a4a1	GET	/user-info	undefined
20240103	11:19:18	 2b5e5f3c-6ccd-4cc6-baf1-0a8bbc080375	GET	/projects	undefined
20240103	11:19:19	 86e5fb37-1704-4469-8a1e-f64cd051aeb9	GET	/user-info	undefined
20240103	11:20:19	 18c7a329-7572-4310-85ed-fdeaba76cf42	GET	/projects	undefined
20240103	11:20:20	 dd63883e-fe87-461d-8fae-d05e75202831	GET	/user-info	undefined
20240103	11:21:20	 b8dd209b-1843-4ac1-abc3-d6cefc1f391e	GET	/projects	undefined
20240103	11:21:21	 4b399471-ea1b-4496-8fe8-dc6bb4a34809	GET	/user-info	undefined
20240103	11:22:21	 57d12d66-c091-4ecc-ab39-dffe7f19194c	GET	/projects	undefined
20240103	11:22:22	 1ce7c57d-dd53-4dc0-aced-8020fd8af4bd	GET	/user-info	undefined
20240103	11:23:22	 888714fd-be45-4187-8a9d-59c46bd246f7	GET	/projects	undefined
20240103	11:23:23	 aff1aea5-a915-44b5-9a83-927bbb1a5bc8	GET	/user-info	undefined
20240103	11:24:23	 827d1058-55e6-4f38-8cb4-4d7c6628542f	GET	/projects	undefined
20240103	11:24:24	 8a2313f2-4a03-412a-a27c-3c16a998d2eb	GET	/user-info	undefined
20240103	11:25:24	 36a9d8b9-a905-4d3a-acc5-fadfc7a1c691	GET	/projects	undefined
20240103	11:25:25	 6ba22a6d-ee71-4c23-aabd-a06bd49d9d40	GET	/user-info	undefined
20240103	11:26:25	 b020a680-b4b6-499e-afc5-0c46b3ada302	GET	/projects	undefined
20240103	11:26:26	 97bea5e3-473a-441a-9d9c-808e6d4c4108	GET	/user-info	undefined
20240103	11:27:26	 acbb57bc-1195-494d-b83f-e295255291c3	GET	/projects	undefined
20240103	11:27:27	 e5f42b59-b10b-48e4-9840-dad08d8a514a	GET	/user-info	undefined
20240103	11:28:27	 02ed7e61-cf22-47b0-8ef7-f23d55327f88	GET	/projects	undefined
20240103	11:28:28	 a4c79a31-6f91-4d2f-ad0c-55db24fee3c0	GET	/user-info	undefined
20240103	11:29:28	 af62a4cf-662d-439a-8d63-94ac57c60fb7	GET	/projects	undefined
20240103	11:29:29	 f57ba4d2-e970-4147-8ed4-b4419d03090e	GET	/user-info	undefined
20240103	11:30:29	 93fbbed1-e12d-4e9f-9b86-b3fd9c849842	GET	/projects	undefined
20240103	11:30:30	 e7014ad8-1942-4d55-af8f-873c62eb6c53	GET	/user-info	undefined
20240103	11:31:30	 34230aaa-cbf6-4878-868e-14b631680d5b	GET	/projects	undefined
20240103	11:31:31	 efa2ac73-1683-4603-a606-9ca157e17876	GET	/user-info	undefined
20240103	11:32:31	 aabd5f84-89a8-46dc-84a1-59ae9699b535	GET	/projects	undefined
20240103	11:32:32	 545b24d2-1e9d-4ff6-866f-62310c23cfec	GET	/user-info	undefined
20240103	11:33:32	 5db8cc1f-223e-4edd-a48a-2a24b3074490	GET	/projects	undefined
20240103	11:33:33	 c89ee19a-afdc-4c5a-afb5-6fe92c7a9588	GET	/user-info	undefined
20240103	11:34:33	 c7fb879a-1728-4d05-9f6e-6ef5ccb3b946	GET	/projects	undefined
20240103	11:34:34	 d6085dea-54b1-47fb-9d82-1d58ffb6f01b	GET	/user-info	undefined
20240103	11:35:34	 73c69dc3-9897-4ca0-8d8c-bb0b59d88b86	GET	/projects	undefined
20240103	11:35:35	 f06fe516-9344-4a31-9867-a9d638e7356b	GET	/user-info	undefined
20240103	11:36:35	 5d4ff1b5-5abd-4412-a3e0-ddf26459a3c0	GET	/projects	undefined
20240103	11:36:36	 398554a3-0f29-4ee9-9a1c-122be25ddc1e	GET	/user-info	undefined
20240103	11:37:36	 84a64f9f-49c3-4702-bc3b-a38c91063901	GET	/projects	undefined
20240103	11:37:37	 1993d602-7613-4862-8d7b-dd1df00709d5	GET	/user-info	undefined
20240103	11:38:37	 e868dc83-d550-45cb-b254-859e02145ab9	GET	/projects	undefined
20240103	11:38:38	 73531499-d6cd-4bcb-89ef-744c184d819f	GET	/user-info	undefined
20240103	11:39:38	 14129d23-ba34-42e3-812b-9b49a9c40328	GET	/projects	undefined
20240103	11:39:39	 ca4b6a1d-19c4-4b44-8832-cc5d22e56633	GET	/user-info	undefined
20240103	11:40:39	 a689ebe0-9518-43c5-88d1-497ddfe872f0	GET	/projects	undefined
20240103	11:40:40	 b30fe427-f1e9-494f-adf8-99c5abc66229	GET	/user-info	undefined
20240103	11:41:40	 1afc6554-b61f-42c5-aaf6-feb430782343	GET	/projects	undefined
20240103	11:41:41	 6fb7c5a4-b07f-4b36-87fd-58f31546c51a	GET	/user-info	undefined
20240103	11:42:41	 45211d17-9d14-4217-a031-68564cac2646	GET	/projects	undefined
20240103	11:42:42	 9ef65046-b453-4b68-8181-97463dbf0350	GET	/user-info	undefined
20240103	11:43:42	 2fb9a0c4-dc49-4eb1-87af-4d7b0bd9cae9	GET	/projects	undefined
20240103	11:43:43	 12eff5ec-5fd1-4a8e-aa23-6d1783c4e3a4	GET	/user-info	undefined
20240103	11:44:43	 ec6e8178-8221-4b0a-8703-8e129b0be436	GET	/projects	undefined
20240103	11:44:44	 e670053e-0274-4e9c-9e55-dd08fc021ba1	GET	/user-info	undefined
20240103	11:45:44	 8319ad23-773e-4595-affb-436ab96bb39a	GET	/projects	undefined
20240103	11:45:45	 d9d8e5f7-0b7e-433c-b476-9b25bd43c0aa	GET	/user-info	undefined
20240103	11:46:45	 6f5fd5e7-be4e-4e8c-88e8-d92e1272d384	GET	/projects	undefined
20240103	11:46:46	 12c902c2-eb2f-49cb-a9e3-7c20a4eae50a	GET	/user-info	undefined
20240103	11:47:46	 729e58b4-4b38-46fc-b955-a00fe68085d2	GET	/projects	undefined
20240103	11:47:47	 e23d4c47-0942-490b-ac78-a8c6131eeb11	GET	/user-info	undefined
20240103	11:48:47	 c7cff972-61d0-4c39-84ee-0d08eb5c720e	GET	/projects	undefined
20240103	11:48:48	 e7c32b5f-d851-4a7d-9ffc-e9dcc54c3910	GET	/user-info	undefined
20240103	11:49:48	 7ceade54-a80b-4e9d-91b8-982c166f5002	GET	/projects	undefined
20240103	11:49:49	 2b00e6b5-8d2c-462c-bf97-ee8c1c7d6f74	GET	/user-info	undefined
20240103	11:50:49	 395c6d58-4200-4014-846c-012f4b374aff	GET	/projects	undefined
20240103	11:50:50	 013f2410-91b3-47db-b38c-87de48d154b0	GET	/user-info	undefined
20240103	11:51:50	 e7c73c96-e5dc-43d2-bf97-76901b04feab	GET	/projects	undefined
20240103	11:51:51	 53aa1d00-b789-4d25-b1d9-83c955f4de9d	GET	/user-info	undefined
20240103	11:52:51	 324c7408-78c9-4399-8f78-ba97324192e6	GET	/projects	undefined
20240103	11:52:52	 d2be6b7b-ece2-4f40-86b2-1b90b4070805	GET	/user-info	undefined
20240103	11:53:52	 9201bbb3-337d-4a9a-a303-dc1369b08922	GET	/projects	undefined
20240103	11:53:53	 193f370d-6892-4f04-ab66-da9a140b4ac4	GET	/user-info	undefined
20240103	11:54:53	 bdce55e9-1eb6-488b-a51b-ae165e912bbc	GET	/projects	undefined
20240103	11:54:54	 34f09714-3d9f-4fcb-9507-43ab519890d5	GET	/user-info	undefined
20240103	11:55:54	 35159a62-8e95-43ac-b68d-5e0a811c6681	GET	/projects	undefined
20240103	11:55:55	 8cde2b0e-4e1b-4ff5-9866-b69cb05d1951	GET	/user-info	undefined
20240103	11:56:55	 c982b253-1581-41ca-8763-7347046f409e	GET	/projects	undefined
20240103	11:56:56	 0bb7a651-2188-4851-9b08-0123aa2dd116	GET	/user-info	undefined
20240103	11:57:56	 4d1ae74e-f97f-4381-9c03-5fa495c02cf0	GET	/projects	undefined
20240103	11:57:57	 d2a91cc5-c686-4448-b401-ebf633daa9ff	GET	/user-info	undefined
20240103	11:58:57	 393e8f78-a969-481f-b093-5be784112e02	GET	/projects	undefined
20240103	11:58:58	 6da7653b-89b6-48f7-b3af-2cb480094ea3	GET	/user-info	undefined
20240103	11:59:58	 10ffd9bd-0ad1-4a80-80d0-81051d5eb9d2	GET	/projects	undefined
20240103	11:59:59	 eb647a77-5af5-4360-a227-5d7b1411a662	GET	/user-info	undefined
20240103	12:00:59	 89fa6b29-9daf-4127-bd68-05c99dcffa9d	GET	/projects	undefined
20240103	12:01:00	 9794eb53-197c-4d10-a047-e429fa157a0d	GET	/user-info	undefined
20240103	12:02:00	 a6b223df-fe8b-4f3a-aec3-5f77e30250a6	GET	/projects	undefined
20240103	12:02:01	 8902d127-70a7-4cba-a1c8-f47939547196	GET	/user-info	undefined
20240103	12:03:01	 ec84660e-6074-4516-a796-a9a396cd5ecb	GET	/projects	undefined
20240103	12:03:02	 5ea91366-aca8-4447-9080-274dfa91d480	GET	/user-info	undefined
20240103	12:04:02	 890a3606-940e-4f95-81b7-78debd8feb82	GET	/projects	undefined
20240103	12:04:03	 5e62dbf5-32f8-4927-a926-887e3031ee0a	GET	/user-info	undefined
20240103	12:05:03	 7f9d24fc-786f-4395-9b8b-46065321386c	GET	/projects	undefined
20240103	12:05:04	 88e8a124-2081-449b-973f-aea2a4d92ab8	GET	/user-info	undefined
20240103	12:06:04	 03f8173c-aa3b-4112-8d2c-1fa27ee50666	GET	/projects	undefined
20240103	12:06:05	 f0a64415-7227-485c-a8ad-43790feb7767	GET	/user-info	undefined
20240103	12:07:05	 f908114b-bd7c-4f7a-bafe-0af019e4e7e7	GET	/projects	undefined
20240103	12:07:06	 0d65377a-ffdd-465f-960e-19747d92fc18	GET	/user-info	undefined
20240103	12:08:06	 13c18548-b7b3-40ca-872c-3324dfc49f7d	GET	/projects	undefined
20240103	12:08:07	 95e62594-be87-4b77-86e7-ae2b486e6f26	GET	/user-info	undefined
20240103	12:09:07	 a9ccbc64-524a-4551-986e-7fff96ed4829	GET	/projects	undefined
20240103	12:09:08	 63a3f78d-4399-4e06-92fa-ca3775ddbb1e	GET	/user-info	undefined
20240103	12:10:08	 a7b0350b-7e85-409f-a09f-7c6a49534b01	GET	/projects	undefined
20240103	12:10:09	 6605f418-fa47-48b9-b1d3-447405b1d348	GET	/user-info	undefined
20240103	12:11:09	 96ffa68b-d0d9-4f11-be4e-3ee97a64c2a4	GET	/projects	undefined
20240103	12:11:10	 154cc9aa-2021-4bea-b184-031a3b243337	GET	/user-info	undefined
20240103	12:12:10	 5f3cc864-9e7e-471b-a5ce-e944d809ada7	GET	/projects	undefined
20240103	12:12:11	 be6604d5-dd0e-4ee7-ab6e-f33808e80676	GET	/user-info	undefined
20240103	12:13:11	 9f0566d8-b68a-4eca-bb7d-204a1c39f801	GET	/projects	undefined
20240103	12:13:12	 b1e49c9b-3d42-41c0-8b16-35cd8b4d1f70	GET	/user-info	undefined
20240103	12:14:12	 8bd73557-c225-4726-a2c1-7b4dcbb4e6d4	GET	/projects	undefined
20240103	12:14:13	 2685e697-25fd-442c-8ff1-1db5e5f5b4bd	GET	/user-info	undefined
20240103	12:15:13	 38c7590d-7668-455f-9ef8-5f44c38db32f	GET	/projects	undefined
20240103	12:15:14	 bbb24947-c834-4618-a682-549603d95163	GET	/user-info	undefined
20240103	12:16:14	 0a8eba3a-dbc4-46c8-aff4-b31b7775f25f	GET	/projects	undefined
20240103	12:16:15	 bb2bc9b3-e212-4b36-8c2c-33ebd12af7cb	GET	/user-info	undefined
20240103	12:17:15	 6c50e589-3bdd-445d-a06e-22ed6fa2c628	GET	/projects	undefined
20240103	12:17:16	 380cce68-fca8-4efb-96d2-8e834ba4960b	GET	/user-info	undefined
20240103	12:18:16	 584ec65b-4050-417c-8b19-831a6546bc77	GET	/projects	undefined
20240103	12:18:17	 6044830e-07a5-4055-84d6-1154d0be9f81	GET	/user-info	undefined
20240103	12:19:17	 b48ecb7b-ba35-4f88-afa5-fb39e41bf77c	GET	/projects	undefined
20240103	12:19:18	 44e4b528-7f73-48c5-9258-f56804c1cc4c	GET	/user-info	undefined
20240103	12:20:18	 8e8cbbee-fbd1-460a-b4df-01e1089bf861	GET	/projects	undefined
20240103	12:20:19	 ae9cb7ca-387e-4460-8aef-a81274461066	GET	/user-info	undefined
20240103	12:21:19	 6cc0d93d-c4ac-4bcf-9519-d684fefd58a6	GET	/projects	undefined
20240103	12:21:20	 2205414c-775f-45eb-8c46-68b1f6d02e2d	GET	/user-info	undefined
20240103	12:22:20	 91055bb1-9c79-4f27-8e76-e05db6a3cfa6	GET	/projects	undefined
20240103	12:22:21	 cfd17c1c-68f0-4166-b1b1-c381c6db513b	GET	/user-info	undefined
20240103	12:23:21	 39b2032a-9a8e-4de9-bf79-6f382654fef4	GET	/projects	undefined
20240103	12:23:22	 5c8009ee-7995-4b19-bd5e-5170dcc32c00	GET	/user-info	undefined
20240103	12:24:22	 4ac4f5a2-0b4b-455e-9597-a1b1e095d243	GET	/projects	undefined
20240103	12:24:23	 a1d4872d-7fad-4110-b550-24ed859edbf4	GET	/user-info	undefined
20240103	12:25:23	 7a6b0f4a-e2c7-4b4f-b06f-6d8553592eb7	GET	/projects	undefined
20240103	12:25:24	 d59b16e6-4044-451d-9e03-3c1bec6fe870	GET	/user-info	undefined
20240103	12:26:50	 1dd4ed35-4cce-480f-adf5-3808a576778a	GET	/projects	undefined
20240103	12:26:50	 76fb9f08-3d05-4d8c-88dc-ac48d01218f0	GET	/user-info	undefined
20240103	12:27:51	 0124d738-11ff-44ee-8153-b25b7859b97a	GET	/user-info	undefined
20240103	12:27:51	 4e1ca9bd-f68a-49ea-b679-3890cca08acc	GET	/projects	undefined
20240103	12:28:53	 dc58c2a0-cd92-47f4-aba1-8e27fc93dbae	GET	/user-info	undefined
20240103	12:28:53	 1e45f540-e644-41ab-b5b6-77b2ae82c723	GET	/projects	undefined
20240103	12:29:54	 1e4c433e-2a9c-4b86-8fad-113507caaf14	GET	/user-info	undefined
20240103	12:29:54	 14b22794-5eb6-4d7c-bb00-f621bd2fc0e7	GET	/projects	undefined
20240103	12:30:55	 8634687e-aeab-40e0-9ebb-93cfdf924048	GET	/user-info	undefined
20240103	12:30:55	 91f1f701-4ad1-4158-9670-0f8baad1d0ea	GET	/projects	undefined
20240103	12:31:56	 ba875917-c7f1-486e-abbc-726835a5032b	GET	/user-info	undefined
20240103	12:31:56	 80e00d0c-e8c0-423c-8ae9-e51a6d13bcd9	GET	/projects	undefined
20240103	12:32:57	 71c5b586-da81-4eae-b000-e241d4679253	GET	/user-info	undefined
20240103	12:32:57	 767f6d61-56f2-4e83-b0b4-05e2c774b0d5	GET	/projects	undefined
20240103	12:33:58	 6489e9c4-ea8c-4c40-97c0-5a5385f6d0fc	GET	/user-info	undefined
20240103	12:33:58	 a19fadfb-8818-4302-8248-da3f3636bb37	GET	/projects	undefined
20240103	12:34:59	 b42652a5-81d6-4d80-a41a-0a708120053d	GET	/user-info	undefined
20240103	12:34:59	 706eb8be-245e-4e43-bd44-8cb79910c98f	GET	/projects	undefined
20240103	12:36:00	 d958235e-143a-46b4-b802-9d497b4ce31f	GET	/user-info	undefined
20240103	12:36:00	 c9ddcc5d-db08-4277-8cd1-45e50ad65b85	GET	/projects	undefined
20240103	12:37:01	 9c61be94-6660-4a83-b6f8-163864bb1fcc	GET	/user-info	undefined
20240103	12:37:01	 a1b03319-99a0-4509-9075-2dbb83ed7a68	GET	/projects	undefined
20240103	12:38:02	 3ae293ad-d459-48c8-8b65-32b993c6ded5	GET	/user-info	undefined
20240103	12:38:02	 e92df363-0085-4bcd-afb2-42b4ec95350e	GET	/projects	undefined
20240103	12:39:03	 2476eb10-eeb9-48c9-a84e-f4241735452f	GET	/user-info	undefined
20240103	12:39:03	 e05899e3-a98b-4044-a97d-d0163cc9a690	GET	/projects	undefined
20240103	12:40:04	 78690f4b-dc42-447a-8db6-820e0151d693	GET	/user-info	undefined
20240103	12:40:04	 f1aef3ea-5db4-4eca-9f09-50b946410187	GET	/projects	undefined
20240103	12:41:05	 b37e7ea4-fed6-4f50-8d60-826c3609939f	GET	/user-info	undefined
20240103	12:41:05	 e8810c99-ae02-468f-98e7-cdfae3616ae3	GET	/projects	undefined
20240103	12:42:06	 d3bf79ff-d5f5-4ada-b13a-54f6e3b2c6dc	GET	/user-info	undefined
20240103	12:42:06	 3ef4e05b-4002-42fe-bc2c-1643d29e7a77	GET	/projects	undefined
20240103	12:43:07	 b1cab446-f05d-4428-a7f0-6cfbbe32cf2a	GET	/user-info	undefined
20240103	12:43:07	 442c917e-6934-4568-8f4f-baf06d8fa61b	GET	/projects	undefined
20240103	12:44:08	 bf5aa730-2f46-482f-9c0a-1795e9c656c4	GET	/user-info	undefined
20240103	12:44:08	 6b352d13-19dc-4cc1-be1f-fb669d7fb357	GET	/projects	undefined
20240103	12:45:09	 adcc084f-1044-49b8-995b-30722cd6092a	GET	/user-info	undefined
20240103	12:45:09	 14f046a1-0e50-497e-8f0e-b7c620f6745f	GET	/projects	undefined
20240103	12:46:10	 1dc2969f-6dc6-46e5-b32f-aaa5b2afafdf	GET	/user-info	undefined
20240103	12:46:10	 8fbf6de2-50cc-4b06-a592-7ce9edd3ab94	GET	/projects	undefined
20240103	12:47:11	 83db829a-5083-485a-b8fe-01cb20f455f5	GET	/user-info	undefined
20240103	12:47:11	 65efc85d-2e32-47f3-8c59-8557f87a3f6e	GET	/projects	undefined
20240103	12:48:12	 9a19fdd9-45b6-4624-86f4-4b033319b5c5	GET	/user-info	undefined
20240103	12:48:12	 b620c90b-1eab-487d-8e19-09020ec860e0	GET	/projects	undefined
20240103	12:49:13	 afd0b9e4-f971-4d6d-8087-7f6cb36696c0	GET	/projects	undefined
20240103	12:49:13	 b9f3c81a-4f71-4bdc-913d-bee8e61ac51d	GET	/user-info	undefined
20240103	12:50:14	 c47d60c6-c3c7-476b-8401-b8800c6c4477	GET	/projects	undefined
20240103	12:50:14	 a8d44eb0-7ad3-4633-8583-812d93673ee3	GET	/user-info	undefined
20240103	12:51:15	 d9bdd4e8-3326-4100-95a9-b243b751c783	GET	/projects	undefined
20240103	12:51:15	 d93aa0b3-189e-4794-99e8-850a1a9a40e5	GET	/user-info	undefined
20240103	12:52:16	 4fcd002d-b2e4-4419-9aa7-24a952083c66	GET	/projects	undefined
20240103	12:52:16	 a5f67069-eac5-4d5f-bf3d-78c0de01edaa	GET	/user-info	undefined
20240103	12:53:17	 d81802f2-a0ca-47f3-8a34-3d6277201d57	GET	/projects	undefined
20240103	12:53:17	 178b726a-9d1e-47a0-a4f6-455a5cfcdf30	GET	/user-info	undefined
20240103	12:54:18	 c80e8def-a015-4dca-ab84-4eb96c654132	GET	/projects	undefined
20240103	12:54:18	 99b6757f-5191-4a8e-bc6d-cc2541748605	GET	/user-info	undefined
20240103	12:55:19	 5e4da9d0-b6cb-4666-aa24-e7d7b894eee4	GET	/projects	undefined
20240103	12:55:19	 605c1f6d-8b42-41c0-8f29-4ccfe94f41d4	GET	/user-info	undefined
20240103	12:56:20	 d2a32673-7124-4979-997e-ee28bd6f0a72	GET	/projects	undefined
20240103	12:56:20	 7c02823d-5f94-480e-a701-57cc30a1d9d5	GET	/user-info	undefined
20240103	12:57:21	 576c18c6-fb42-4ead-9be1-ddf4e218aafa	GET	/projects	undefined
20240103	12:57:21	 18f851ab-06f2-4eba-b017-cbf78fa6d95f	GET	/user-info	undefined
20240103	12:58:22	 39b41964-9125-4c21-9f75-a2121ba1c1ba	GET	/projects	undefined
20240103	12:58:22	 ad1411e7-d01f-4dd2-a467-db8a8f1cbf65	GET	/user-info	undefined
20240103	12:59:23	 bebf3769-e882-4caf-8f1e-2cb5a3ef44e8	GET	/projects	undefined
20240103	12:59:23	 c2702d71-655a-4b49-90a2-37a41dbd35c4	GET	/user-info	undefined
20240103	13:00:24	 0132729d-020e-4039-b5b1-95a6f7714f4b	GET	/projects	undefined
20240103	13:00:24	 f44b8c94-5892-45df-a4a1-92ebf5b56eb7	GET	/user-info	undefined
20240103	13:01:25	 b1cebe31-5399-4750-aed5-fe465cce6120	GET	/user-info	undefined
20240103	13:01:25	 a4d80215-9005-4626-b903-06466feb36af	GET	/projects	undefined
20240103	13:02:26	 b89bc685-65a3-4bb3-91e8-436e9298fe84	GET	/user-info	undefined
20240103	13:02:26	 b4619fab-45c4-4db5-a672-c9161079c7b3	GET	/projects	undefined
20240103	13:03:27	 7c93864a-287e-43d7-935a-c0ebe16904c7	GET	/user-info	undefined
20240103	13:03:27	 56fbfb92-21c1-4d72-8f4f-26fa51c24a53	GET	/projects	undefined
20240103	13:04:28	 944b40b3-112c-468d-84ff-bdfb87a6d46d	GET	/user-info	undefined
20240103	13:04:28	 c0ea3708-aba8-4b65-bac5-3fceb54b088e	GET	/projects	undefined
20240103	13:05:29	 92843232-f141-4664-a091-b3db8924d3a5	GET	/user-info	undefined
20240103	13:05:29	 ce9fcc1e-33e5-4f82-957e-9f8aa44b7cf5	GET	/projects	undefined
20240103	13:06:30	 9b0e01a7-ae9e-4754-a148-eb172c7559ea	GET	/user-info	undefined
20240103	13:06:30	 b4ede491-21e0-4ff0-a5a3-dac0b50de948	GET	/projects	undefined
20240103	13:07:31	 3fc08706-15bf-48b3-881d-92fd99ecaa4b	GET	/user-info	undefined
20240103	13:07:31	 a37819fb-959e-41a7-a131-d1005aa54cf3	GET	/projects	undefined
20240103	13:08:32	 6a7efe71-ccf8-4d32-be94-303dc2b554dc	GET	/user-info	undefined
20240103	13:08:32	 fed370be-18c0-46d5-801e-420095fefcc3	GET	/projects	undefined
20240103	13:09:33	 18f890bd-db99-451b-af15-47a83213ee78	GET	/user-info	undefined
20240103	13:09:33	 33e079f1-4c02-4ecd-838d-f1cd84587877	GET	/projects	undefined
20240103	13:10:34	 94fd7089-68b6-4b84-b913-cdc10f81041c	GET	/user-info	undefined
20240103	13:10:34	 dd4d0628-4b6a-400b-916d-faf57c83c908	GET	/projects	undefined
20240103	13:11:35	 52eed629-8434-4cc0-a6aa-52bd9dc268e7	GET	/user-info	undefined
20240103	13:11:35	 48dd1247-e372-4832-aaf0-0a5e6c3f1bf8	GET	/projects	undefined
20240103	13:12:36	 68feb23b-5c26-4eab-ae9e-e6cd501a0e6e	GET	/user-info	undefined
20240103	13:12:36	 622ea0d4-f618-490a-8712-ce805980d877	GET	/projects	undefined
20240103	13:13:37	 c8b337fc-66bc-40f1-93b8-39b24cc38041	GET	/user-info	undefined
20240103	13:13:37	 1eb61944-9b1a-4d43-a11a-49d627291500	GET	/projects	undefined
20240103	13:14:38	 5dda2d0f-91c2-43f9-9771-c89c33ca3dcf	GET	/user-info	undefined
20240103	13:14:38	 dfc593b4-55e9-44d6-be6c-ab3c6fa90a4a	GET	/projects	undefined
20240103	13:15:39	 88d882a0-664d-471f-8c71-d31af14991ec	GET	/user-info	undefined
20240103	13:15:39	 07fe5eee-adac-4363-9e18-05555fa41d44	GET	/projects	undefined
20240103	13:16:40	 1e4cd463-69e0-4f23-b8b1-00cda8203550	GET	/user-info	undefined
20240103	13:16:40	 35b3f71d-ae42-45c2-851b-881233b5a474	GET	/projects	undefined
20240103	13:17:41	 850a26bf-1fe5-470f-b8a7-28390ae789b3	GET	/user-info	undefined
20240103	13:17:41	 10c3adc6-3aaf-4f8f-81b3-3a797d7ccc95	GET	/projects	undefined
20240103	13:18:42	 1b2c6c86-625d-4447-a69f-19424bcd60d0	GET	/user-info	undefined
20240103	13:18:42	 3f5d5f34-1ce6-4a51-962e-2363276be126	GET	/projects	undefined
20240103	13:19:43	 3abd31a9-f5b0-4fa6-9459-22ab0cec65d3	GET	/user-info	undefined
20240103	13:19:43	 2e5de678-7dad-400c-ade9-84758db55a99	GET	/projects	undefined
20240103	13:20:44	 b44e49cd-9702-4bd2-8468-2f4df12f3227	GET	/user-info	undefined
20240103	13:20:44	 9082c687-5f82-48ed-b116-fc06197b0576	GET	/projects	undefined
20240103	13:21:45	 c76dab78-511d-4a18-aec5-66340f43e355	GET	/user-info	undefined
20240103	13:21:45	 1f6d0fca-47db-4e18-853e-fe85ee2593d3	GET	/projects	undefined
20240103	13:22:46	 fa1ae765-3a94-4427-9dab-0d00b4fddc3d	GET	/projects	undefined
20240103	13:22:46	 a307fd8e-ba3b-4e9e-a4b9-27b0141089aa	GET	/user-info	undefined
20240103	13:23:47	 135c9582-b7ac-42f3-b48c-3db94b923a5b	GET	/projects	undefined
20240103	13:23:47	 68a6a1e6-c708-492f-8497-24fdea320084	GET	/user-info	undefined
20240103	13:24:48	 30bbcb46-b5b5-425c-aec2-6c1fa0f30c44	GET	/projects	undefined
20240103	13:24:48	 346d0e5c-2409-4f32-9ef8-e8ca427798a8	GET	/user-info	undefined
20240103	13:25:49	 a720f250-0f99-4cdf-aae3-267633b3b955	GET	/projects	undefined
20240103	13:25:49	 91765d0f-cb10-4542-bea8-7dd9f1e8d256	GET	/user-info	undefined
20240103	13:26:50	 e45908c9-bb93-46c2-afe6-1e4dc9095617	GET	/projects	undefined
20240103	13:26:50	 3a03fdc9-89c3-4b94-9c83-744bf05cf337	GET	/user-info	undefined
20240103	13:27:51	 66c20e11-6abd-4cdc-a281-6d65cfb7c093	GET	/projects	undefined
20240103	13:27:51	 aa9e71cd-27a6-4ca8-b3b3-d3f975ec8ab5	GET	/user-info	undefined
20240103	13:28:52	 eccb46a2-d613-4c6b-bebc-6f24d20e7613	GET	/projects	undefined
20240103	13:28:52	 17131fd2-68ae-4e25-bc65-3f14c56d5375	GET	/user-info	undefined
20240103	13:29:53	 97670386-f3ff-41ef-a437-da5efaac3c39	GET	/projects	undefined
20240103	13:29:53	 0674f800-2a7b-4c16-8ba0-0c3db4b32cfd	GET	/user-info	undefined
20240103	13:30:54	 fbd14cc0-a963-4bef-bb1f-74e2c3b7c729	GET	/projects	undefined
20240103	13:30:54	 002d382c-b9be-47e9-86c9-06328c61aa58	GET	/user-info	undefined
20240103	13:31:55	 5ba072ad-d66d-452c-bfcf-54da69c1bd45	GET	/user-info	undefined
20240103	13:31:55	 cff0ce54-02bf-4da9-ba6c-736c99af05cd	GET	/projects	undefined
20240103	13:32:56	 494cd85d-5508-402e-ade5-ab0f225767e0	GET	/user-info	undefined
20240103	13:32:56	 cba55971-0f54-42a2-bbdc-e5f253ae13ac	GET	/projects	undefined
20240103	13:33:57	 841196a4-a7e5-4c17-86c3-509e47378bb6	GET	/user-info	undefined
20240103	13:33:57	 a311c345-f487-4e6b-9328-084b1d5d717b	GET	/projects	undefined
20240103	13:34:58	 1a8d7b56-35a2-4443-9359-ee3f823a87e3	GET	/projects	undefined
20240103	13:34:58	 b9edbb38-aa0e-49d1-b704-b76c0ab4a08e	GET	/user-info	undefined
20240103	13:35:59	 cea2e2fb-9258-499e-8dff-8467521099d2	GET	/projects	undefined
20240103	13:35:59	 4aec1c9f-d7d8-440b-8b55-b74bde1527c7	GET	/user-info	undefined
20240103	13:37:00	 d56cfab2-f42b-450c-98a0-d18c4731cb7c	GET	/user-info	undefined
20240103	13:37:00	 390acb36-c4b5-4413-ad07-31cf21a9d6cb	GET	/projects	undefined
20240103	13:38:01	 3901f954-65dc-464e-81bf-d76231546869	GET	/user-info	undefined
20240103	13:38:01	 3088e927-bf8e-4f30-8288-0cfc67ec53b2	GET	/projects	undefined
20240103	13:39:02	 fbb6da60-2b90-4391-b4f1-ca6e33131104	GET	/user-info	undefined
20240103	13:39:02	 a9f10698-a5a8-4913-b2c3-c11cc5e965eb	GET	/projects	undefined
20240103	13:40:03	 afc5260e-d607-450a-9f1b-1885e7c1234d	GET	/user-info	undefined
20240103	13:40:03	 707576f4-c68b-4caa-a601-1fd99c4cc080	GET	/projects	undefined
20240103	13:41:04	 6a5f6ee1-f832-41ed-866d-abdf321dd542	GET	/user-info	undefined
20240103	13:41:04	 b4391e47-8b83-4196-b2c5-bcb886790116	GET	/projects	undefined
20240103	13:42:05	 cfb1ff8d-02db-4390-9c23-5b907ebbfd88	GET	/user-info	undefined
20240103	13:42:05	 a8dc2b7c-76ec-4f70-ad95-546818877737	GET	/projects	undefined
20240103	13:43:06	 05082286-5fcc-4df9-9161-cddec8dddc8a	GET	/projects	undefined
20240103	13:43:06	 b99188c7-6dbc-4c1e-9c12-03fe72f187e7	GET	/user-info	undefined
20240103	13:44:07	 93f073da-5956-478f-835d-cc9141279754	GET	/projects	undefined
20240103	13:44:07	 4d7b2349-a471-4a93-8b82-218e078fb178	GET	/user-info	undefined
20240103	13:45:08	 d1f5bf67-128f-49e4-aa21-36519cdfda54	GET	/projects	undefined
20240103	13:45:08	 916983d4-d077-4d9b-9199-63c80efe8fb8	GET	/user-info	undefined
20240103	13:46:09	 5b47aa68-2599-48bf-a14d-76973267a77a	GET	/user-info	undefined
20240103	13:46:09	 1f4cfcd4-540e-4292-adc0-cc2e98e0afa4	GET	/projects	undefined
20240103	13:47:10	 5b5ca8a5-ae6d-42fc-b6f7-911553edf3df	GET	/user-info	undefined
20240103	13:47:10	 716da630-d45a-4791-b548-41fe022bff4f	GET	/projects	undefined
20240103	13:48:11	 45ea9cbc-8a5c-439b-a577-26dc1c63a456	GET	/user-info	undefined
20240103	13:48:11	 db39a1a9-9080-472e-8a0c-66727d9bdaf2	GET	/projects	undefined
20240103	13:49:12	 bdf42019-11d5-4b32-a0b7-9f7992847074	GET	/user-info	undefined
20240103	13:49:12	 59f9830e-0962-410b-b26c-190e21306c87	GET	/projects	undefined
20240103	13:50:13	 de499fca-120a-469c-8740-caf990eb2f0f	GET	/user-info	undefined
20240103	13:50:13	 1ee89e52-c7b3-4b2e-8c8f-f3875f0fe58a	GET	/projects	undefined
20240103	13:51:14	 a8ad8d24-e714-45d6-b756-13951d918e1e	GET	/projects	undefined
20240103	13:51:14	 836418f9-5c38-4643-86a5-edc22adbdade	GET	/user-info	undefined
20240103	13:52:15	 bcb2f6f4-17a7-4425-aa8d-70f5956976c7	GET	/projects	undefined
20240103	13:52:15	 15d3c5b6-2d3c-4487-9e25-29eb7bdad786	GET	/user-info	undefined
20240103	13:53:16	 489f6a97-e9d4-4a9f-9c8e-88d2cdbdb06a	GET	/projects	undefined
20240103	13:53:16	 bddf9e8e-bf65-4c49-b1e3-24e74581f038	GET	/user-info	undefined
20240103	13:54:17	 5f08a6e4-c474-47f0-baa0-23792adbf7d1	GET	/projects	undefined
20240103	13:54:17	 d09b9027-60a3-4896-837b-1f20260cc34f	GET	/user-info	undefined
20240103	13:55:18	 9c82c15e-6048-4d6c-b9b0-b197ef764850	GET	/projects	undefined
20240103	13:55:18	 a44feda7-03c9-4bd6-aacc-4980124d71a7	GET	/user-info	undefined
20240103	13:56:19	 00b8f900-e68d-48d6-8cb6-acd4f8b0e51d	GET	/user-info	undefined
20240103	13:56:19	 f60784fb-155d-4e32-bfca-88a3e33861c6	GET	/projects	undefined
20240103	13:57:20	 a456ffac-a90e-41a4-a851-6a0992730606	GET	/projects	undefined
20240103	13:57:20	 1bf1cf15-beb3-4029-bd56-2f3a41d8328e	GET	/user-info	undefined
20240103	13:58:21	 bd7d3507-0516-401d-925a-46da4d74320f	GET	/projects	undefined
20240103	13:58:21	 7c0d4fd1-f49e-4930-8de7-6c73051e8ee0	GET	/user-info	undefined
20240103	13:59:22	 cabdbe66-a641-4c56-9a40-f33a76edf4cb	GET	/projects	undefined
20240103	13:59:22	 489de086-d8a9-4b88-8b04-3f90b6afa493	GET	/user-info	undefined
20240103	14:00:23	 d5e6b280-b78a-4d24-8160-f4dbac3256ed	GET	/user-info	undefined
20240103	14:00:23	 9761d228-029e-4b01-be9a-6f2d28b75eb3	GET	/projects	undefined
20240103	14:01:24	 1d814fc8-34a0-4cb1-8d7b-00f6ac00fd93	GET	/user-info	undefined
20240103	14:01:24	 77b55678-292a-4a63-a248-19f0186c4d97	GET	/projects	undefined
20240103	14:02:25	 2b2ff25c-328f-421b-a007-5a2283d457b3	GET	/user-info	undefined
20240103	14:02:25	 4ad76082-2fd0-4aec-aacd-b981ff495092	GET	/projects	undefined
20240103	14:03:26	 2720da21-4e69-415d-8c66-93ba6c8a560f	GET	/user-info	undefined
20240103	14:03:26	 6ab2e4d7-db88-46fe-9982-111dcb59fc27	GET	/projects	undefined
20240103	14:04:27	 ee37666c-c95e-4d8c-b2f2-9845f674c847	GET	/user-info	undefined
20240103	14:04:27	 2ace4038-8cff-42e7-9792-843510f755c3	GET	/projects	undefined
20240103	14:05:28	 fbca2ba5-0cfe-42e7-927a-ae72454c69a8	GET	/user-info	undefined
20240103	14:05:28	 db44888e-45f6-4552-9edd-03ab9dfc8fc0	GET	/projects	undefined
20240103	14:06:29	 45904610-b892-43b9-b784-e4fc7e77f8cd	GET	/user-info	undefined
20240103	14:06:29	 5a18af57-d967-4d57-b725-fc13b3990628	GET	/projects	undefined
20240103	14:07:30	 049978ad-f0a9-4f81-bc46-5944f9a98469	GET	/user-info	undefined
20240103	14:07:30	 6fae8906-2285-4fd4-8c00-a6252af6e424	GET	/projects	undefined
20240103	14:08:31	 377b7be7-4d0a-4aea-87a1-9b9c60b077e2	GET	/user-info	undefined
20240103	14:08:31	 14232476-5a4c-4c6b-b664-18996f10b042	GET	/projects	undefined
20240103	14:09:32	 f191bb9e-f194-4358-b4f7-53404bba1660	GET	/projects	undefined
20240103	14:09:32	 4ec629be-54d7-4d55-9e35-e5f32a4b7144	GET	/user-info	undefined
20240103	14:10:33	 6427e357-de37-4e52-be73-840eecaac260	GET	/projects	undefined
20240103	14:10:33	 1817117d-563d-441f-a828-dc5ef04721f6	GET	/user-info	undefined
20240103	14:11:34	 9c541013-baf2-4d67-b326-be3386afcdc6	GET	/projects	undefined
20240103	14:11:34	 af32784e-d462-4f73-87d6-a8e7508b4701	GET	/user-info	undefined
20240103	14:12:35	 620daa84-d586-4a36-a245-1515fea7862b	GET	/projects	undefined
20240103	14:12:35	 f0c3c9ba-6546-4f17-b29b-68b053fdf8a9	GET	/user-info	undefined
20240103	14:13:36	 08748b0c-629b-4c46-b62b-b4d52a46be88	GET	/projects	undefined
20240103	14:13:36	 b04f9511-719e-498b-9429-44687abf17e0	GET	/user-info	undefined
20240103	14:14:37	 738378ae-31d8-485b-bfaa-ba836d6ab406	GET	/projects	undefined
20240103	14:14:37	 1b526280-f1f1-49ed-bd55-32104d4b84d5	GET	/user-info	undefined
20240103	14:15:38	 0c3eab65-910f-45a8-b1bc-048a51862887	GET	/projects	undefined
20240103	14:15:38	 9bb250c4-7915-4fab-96f8-e9cb025c37b5	GET	/user-info	undefined
20240103	14:16:39	 5e39f311-351f-4e1e-8218-5320d578c9bd	GET	/projects	undefined
20240103	14:16:39	 9e08f19a-9ad4-4485-a823-f64d8366cf9a	GET	/user-info	undefined
20240103	14:17:40	 2a2622e7-e11a-44e6-a536-22a327e65e3e	GET	/user-info	undefined
20240103	14:17:40	 f3462ffe-c082-4561-ad0b-cecf51156771	GET	/projects	undefined
20240103	14:18:41	 a2f7657b-a754-455b-8363-03ca3b442d94	GET	/user-info	undefined
20240103	14:18:41	 454b23d2-6ed1-4ec7-b60d-0e48d53e702a	GET	/projects	undefined
20240103	14:19:42	 dced35ae-644b-46c0-acf7-d6e8cc2d5d8b	GET	/user-info	undefined
20240103	14:19:42	 e5fa47f3-878c-4c0a-8d4b-11c6d8595555	GET	/projects	undefined
20240103	14:20:43	 99d0f76d-5ef0-40ab-b0cb-9a10d1b758ea	GET	/user-info	undefined
20240103	14:20:43	 8b092f86-fad8-4621-b61d-47c6711db076	GET	/projects	undefined
20240103	14:21:44	 bc8056af-a636-47dd-beb3-30a18b246406	GET	/projects	undefined
20240103	14:21:44	 8be22e91-db33-4e6c-94b2-16fa26c1701f	GET	/user-info	undefined
20240103	14:22:45	 bcb7d30c-4039-4bed-8806-daa18eea48ab	GET	/projects	undefined
20240103	14:22:45	 6aeb4dbf-f35a-4111-8212-03a81c4b0962	GET	/user-info	undefined
20240103	14:23:46	 aadaff2d-3cf8-47ed-877e-697a41f508c2	GET	/projects	undefined
20240103	14:23:46	 b34e51bf-588a-4907-aa91-4d673c991de6	GET	/user-info	undefined
20240103	14:24:47	 e219b855-c731-4a66-8f65-f4c8e832f6ba	GET	/projects	undefined
20240103	14:24:47	 60711399-3465-471e-92da-eb23d9f5cd61	GET	/user-info	undefined
20240103	14:25:48	 d06cfae3-0f3c-463c-9cfd-fb4916aab818	GET	/projects	undefined
20240103	14:25:48	 429ed0eb-1c6c-4f2f-92a7-e3145e26de9f	GET	/user-info	undefined
20240103	14:26:49	 af856869-cae4-4bbc-b0ee-1284f0445520	GET	/projects	undefined
20240103	14:26:49	 d7c5e331-02ec-411e-88f7-28490f2746a9	GET	/user-info	undefined
20240103	14:27:50	 e66dce92-75ed-4353-aa89-bf0ba4c3f2c5	GET	/projects	undefined
20240103	14:27:50	 369af9b7-c0db-46b7-b310-be8a326a5080	GET	/user-info	undefined
20240103	14:28:51	 67d688d3-d5db-4491-8212-24085059ae91	GET	/projects	undefined
20240103	14:28:51	 03d6c472-c6e1-407e-8dee-2919f93303cb	GET	/user-info	undefined
20240103	14:29:52	 2a8cc993-ab15-49e2-8cc3-26d79e793db2	GET	/projects	undefined
20240103	14:29:52	 359ef5c7-7b9b-4877-86ac-d476f399d461	GET	/user-info	undefined
20240103	14:30:53	 295c0dbe-ca1d-47ca-8251-6422b57069b1	GET	/projects	undefined
20240103	14:30:53	 df7ede5a-d13a-4f1e-b2bc-e15795d18014	GET	/user-info	undefined
20240103	14:31:54	 bada772d-4bd0-4911-833b-96cfa9f56cd6	GET	/projects	undefined
20240103	14:31:54	 96519c5b-0c07-4b0c-ab5b-59103a3c807d	GET	/user-info	undefined
20240103	14:32:55	 856d5189-55dc-451a-9e66-0eaff9602d25	GET	/user-info	undefined
20240103	14:32:55	 f3eab3d5-491d-44ef-83a0-944ad1733d9f	GET	/projects	undefined
20240103	14:33:56	 7e5b292e-0ba2-491b-bc0d-e5de0ba60086	GET	/user-info	undefined
20240103	14:33:56	 7f52fec1-3408-4641-ae19-d86a945b7c01	GET	/projects	undefined
20240103	14:34:57	 b7e91020-cadc-44e5-85e6-95dac94183f7	GET	/user-info	undefined
20240103	14:34:57	 a9f497e6-6a53-45b9-b59e-1c9dfe7a154e	GET	/projects	undefined
20240103	14:35:58	 e79a2e1f-2ca1-481e-8a6a-b14809d0de89	GET	/projects	undefined
20240103	14:35:58	 97f365e0-58b2-499f-9a79-0e1e99f6d56c	GET	/user-info	undefined
20240103	14:36:59	 24e67432-057a-4e78-a5c8-0046d5669c8b	GET	/user-info	undefined
20240103	14:36:59	 d4e7d16d-5d7b-49d3-b55d-46cbb89627fa	GET	/projects	undefined
20240103	14:38:00	 a7f5bd89-173a-4996-9958-07073a465e23	GET	/user-info	undefined
20240103	14:38:00	 17fe6c95-22d9-4e73-9420-536607d5134a	GET	/projects	undefined
20240103	14:39:01	 268da19e-837a-474b-8916-953d97e27aae	GET	/user-info	undefined
20240103	14:39:01	 ecdd106e-2114-416e-ba73-9c5cec75ce77	GET	/projects	undefined
20240103	14:40:02	 814c2f8e-123f-4e20-b1e1-fd0788f12c16	GET	/user-info	undefined
20240103	14:40:02	 fe57bad5-b338-4743-8781-4eaeb4b069f9	GET	/projects	undefined
20240103	14:41:03	 93f490a4-f0d0-46ab-800a-9b90609c60f5	GET	/user-info	undefined
20240103	14:41:03	 e64f1acd-ab7e-4811-bbdc-0f5a0c082743	GET	/projects	undefined
20240103	14:42:04	 6d0a3dcb-d4e5-49df-8970-2a0f3f659439	GET	/user-info	undefined
20240103	14:42:04	 7b051bf9-f42f-4b3f-9f6e-aae7f4ec8dd2	GET	/projects	undefined
20240103	14:43:05	 723dbb0d-09fb-48a0-be25-ebf428f3c04d	GET	/user-info	undefined
20240103	14:43:05	 0d52df76-a740-462b-b604-f2fcfc80401e	GET	/projects	undefined
20240103	14:44:06	 a28810d2-7bab-48fa-9399-d61d275698e2	GET	/user-info	undefined
20240103	14:44:06	 a8d9e092-3274-4164-97d5-cebfa3a12634	GET	/projects	undefined
20240103	14:45:07	 fc2c8f2b-3bd3-4ff1-983b-9859ad5649d2	GET	/user-info	undefined
20240103	14:45:07	 81d5a2df-ede7-4ce5-960e-3e65f9e05165	GET	/projects	undefined
20240103	14:46:08	 c18f1a18-f59f-4da5-bc6d-afefc8c5a1c8	GET	/user-info	undefined
20240103	14:46:08	 14180383-57c8-4229-bd15-1645ff1d91ad	GET	/projects	undefined
20240103	14:47:09	 52e811ca-65cd-4df0-9c48-4c958ea984ea	GET	/user-info	undefined
20240103	14:47:09	 b0f5a14e-b135-499f-b100-83d4b21da9f6	GET	/projects	undefined
20240103	14:48:10	 bfde8a28-9feb-45c7-b47b-e1d792f56e8e	GET	/user-info	undefined
20240103	14:48:10	 16a8d3e1-dcc1-48ec-9bde-0e7c597fc910	GET	/projects	undefined
20240103	14:49:11	 1f9a7a9e-3f14-49a5-9b23-49ecb0ec5caf	GET	/user-info	undefined
20240103	14:49:11	 d3316450-7416-4705-9522-8dbe4bff12cb	GET	/projects	undefined
20240103	14:50:12	 631e444d-c78d-4bb8-8408-cd50756f8f64	GET	/user-info	undefined
20240103	14:50:12	 8fb2ccee-5f62-4fc1-b7c2-1cb50b9e6d97	GET	/projects	undefined
20240103	14:50:29	 0c8db2b8-fe2e-4ac0-9825-ecd27f8e1459	GET	/user-info	undefined
20240103	14:50:29	 d15839d0-ca2e-438d-b805-2665629c2456	GET	/projects	undefined
20240103	14:50:39	 a87abc54-70a4-4d5d-8554-4b3f8c84ed7a	GET	/user-info	undefined
20240103	14:50:40	 4f2c9e5d-12d6-45a6-84a0-f95b801768d0	GET	/projects	undefined
20240103	14:50:40	 f2b56e8e-ad88-4156-ba2a-2ba9ba05bf1e	GET	/interests	undefined
20240103	14:51:06	 098cdffb-fa12-479f-ab19-2290eeba8c91	GET	/user-info	undefined
20240103	14:51:06	 a13247b9-7b04-4c5e-9bc5-efb2ff24d987	GET	/projects	undefined
20240103	14:51:06	 1c15ae06-78a9-4864-8b51-2614991f0eff	GET	/interests	undefined
20240103	14:51:14	 d910ad7e-f713-4d1e-9130-0b7f26e5f11d	GET	/projects	undefined
20240103	14:51:14	 a08a1395-4a18-437e-aafe-395a062ca9ca	GET	/interests	undefined
20240103	14:51:16	 c24325ca-488b-4d53-a4cd-3ab337d860dd	GET	/user-info	undefined
20240103	14:51:17	 c013fc05-796a-44b1-9bba-f418692243b1	GET	/projects	undefined
20240103	14:51:17	 728e55f1-96ba-47d0-bddb-ae3055eea71a	GET	/interests	undefined
20240103	14:51:21	 b4202ac7-e2b5-4a5f-ab46-62b3efc6b6ee	GET	/user-info	undefined
20240103	14:51:21	 734976e4-c59e-4d85-9ac6-1d30ec7c5526	GET	/projects	undefined
20240103	14:51:21	 77b5fe85-65d4-4851-8a77-92bda674e11b	GET	/skills	undefined
20240103	14:51:21	 0542cb88-2bc6-4d35-86a5-6d8f5f366130	GET	/education	undefined
20240103	14:51:35	 eee61764-1663-4d47-8c81-6f817bd9fdcc	GET	/user-info	undefined
20240103	14:51:36	 c6766fbd-cbc9-4c01-ab17-0d54b76e9d22	GET	/skills	undefined
20240103	14:51:36	 d4996092-5bf0-4c57-a9ff-0a5729629c23	GET	/education	undefined
20240103	14:51:45	 1f70abf4-d35b-4750-987b-1671de503a94	GET	/skills	undefined
20240103	14:51:45	 e93324eb-89a4-4a60-8a17-03089d41da9f	GET	/education	undefined
20240103	14:51:47	 5c53d05a-3bad-4789-8f62-abb33b597498	GET	/user-info	undefined
20240103	14:51:48	 d3596b1e-4985-42c6-9b68-a7a6da09f6b1	GET	/skills	undefined
20240103	14:51:48	 8d0d0103-b735-45c6-8551-325181b53260	GET	/education	undefined
20240103	14:52:06	 3e124844-1b2b-4c1a-8a1f-33c5b57317d5	GET	/user-info	undefined
20240103	14:52:07	 22bf3d32-b1d3-44f2-8fd3-c6dd5658a25d	GET	/user-info	undefined
20240103	14:52:14	 0a2f49b1-5c5a-4c7f-ba7c-cea759962ea3	GET	/user-info	undefined
20240103	14:52:14	 a81dd38b-8f74-4e39-aab4-75cb432c4d32	GET	/user-info	undefined
20240103	14:52:21	 9246bfc5-cfb2-4d58-9403-ffd361214890	GET	/user-info	undefined
20240103	14:52:24	 848fa20a-f5b6-41fe-bb8f-43ae8cf1261f	GET	/user-info	undefined
20240103	14:52:24	 0d2a623c-19c0-4a30-83f9-9dcc1235b529	GET	/user-info	undefined
20240103	14:52:30	 b9ad5d36-f70a-446b-8aa8-4e1d49ffc800	GET	/user-info	undefined
20240103	14:52:30	 4d49c3d4-8df2-43e8-ac54-d22484178fc5	GET	/projects	undefined
20240103	14:52:30	 8b5f63f2-053c-4538-89f5-02b7700c12a4	GET	/interests	undefined
20240103	14:52:43	 e85d894e-a145-48e2-960e-fb3e42e424b0	GET	/user-info	undefined
20240103	14:52:44	 d2fe0ff0-03d3-4dfd-88c7-7b0dcad153e5	GET	/projects	undefined
20240103	14:52:44	 fb86e15a-3a3b-4186-a028-cc110d837abf	GET	/interests	undefined
20240103	14:52:52	 76f50c92-3505-4a36-ad2b-5198ffbea81d	GET	/projects	undefined
20240103	14:52:52	 475d7568-95c8-4f8e-b75a-0bc92a9ad0bc	GET	/interests	undefined
20240103	14:52:55	 3818a8f6-82f4-4e31-8893-0c56f9006f75	GET	/user-info	undefined
20240103	14:52:55	 9a5d21a3-f826-4e0f-9149-a0c6ed09c0bd	GET	/projects	undefined
20240103	14:52:55	 479a55d7-aee0-42e7-b162-9bef6651f3c8	GET	/interests	undefined
20240103	14:53:10	 0f853970-e41b-41bc-8439-70e1aa166938	GET	/user-info	undefined
20240103	14:53:10	 356663ed-c921-47cc-b6ad-75d49c73ec5b	GET	/projects	undefined
20240103	14:53:21	 f6e9e6d2-c646-4746-bc08-4b68687d052a	OPTIONS	/auth	undefined
20240103	14:53:21	 db64df58-2a0c-46e2-960f-0746c209e61a	POST	/auth	undefined
20240103	14:53:22	 3f6b1add-f8f1-4613-a40b-c1cba1994358	OPTIONS	/user-info	undefined
20240103	14:53:22	 38705df9-81bd-4cc1-bc0b-e95e507f18b7	GET	/user-info	undefined
20240104	06:47:32	 450b530f-faa0-4f8c-94f4-cc77f5d9abc7	GET	/user-info	undefined
20240104	06:47:33	 697ee03f-8b12-4491-a14c-4e1195735dac	GET	/projects	undefined
20240104	06:47:33	 e54b3720-e5c1-4b54-871e-0514f74e60df	GET	/interests	undefined
20240104	06:48:36	 2311aeae-f30e-4eba-b86d-5719d6bb63e7	GET	/user-info	undefined
20240104	06:48:36	 43ec9bfc-406c-4cbd-86b5-7ece214ba717	GET	/projects	undefined
20240104	06:49:37	 0d12f0e1-969e-49b9-aa33-fea9d66785b2	GET	/user-info	undefined
20240104	06:49:37	 009957a7-c6d5-4fb3-8e0b-04721157ddf1	GET	/projects	undefined
20240104	06:50:38	 9b08d86d-ab1b-4f3d-b302-b65fe6d084cc	GET	/projects	undefined
20240104	06:50:38	 02b7b23c-2bde-4334-872d-e8e11d19a400	GET	/user-info	undefined
20240104	06:51:39	 e3bd93ac-6bd2-4459-b064-f712a346dade	GET	/user-info	undefined
20240104	06:51:39	 aee3c709-e9c0-477e-acf3-f85f4c18e8da	GET	/projects	undefined
20240104	06:52:40	 6a1fb4c8-6209-4811-a817-72868befa0d4	GET	/projects	undefined
20240104	06:52:40	 960717c7-1e4c-43a5-95d9-53f6048a9606	GET	/user-info	undefined
20240104	06:53:41	 f91eb615-3b30-48fd-913b-0dbefb25861e	GET	/user-info	undefined
20240104	06:53:41	 8377b607-a039-4778-b912-be10390ccc8b	GET	/projects	undefined
20240104	06:54:42	 05b25e5b-39da-4874-9c0f-6df4fb0bb9d3	GET	/projects	undefined
20240104	06:54:42	 38f10636-b7a2-489f-8ab1-46c5a1ca1835	GET	/user-info	undefined
20240104	06:55:43	 622f7e9c-b141-4b5d-a01a-252d2abf3547	GET	/user-info	undefined
20240104	06:55:43	 8cf48a91-5b53-478c-a471-d41d4edac72f	GET	/projects	undefined
20240104	06:56:44	 d3334f12-aa89-4b11-bcd2-719011086f53	GET	/projects	undefined
20240104	06:56:44	 36e929c7-68d2-4302-8e44-a0ff7ec09183	GET	/user-info	undefined
20240104	06:57:45	 62513ebe-14e3-4285-af34-4c3bbfd257b0	GET	/user-info	undefined
20240104	06:57:45	 418caf7e-150f-4035-b7b8-362fbf132300	GET	/projects	undefined
20240104	06:58:46	 41eb8a9d-da92-469d-8a5a-d32e3c1f7543	GET	/projects	undefined
20240104	06:58:46	 b88573fe-a701-48f5-b85b-d9a536a3b6f4	GET	/user-info	undefined
20240104	06:59:47	 fa76f2b9-556d-4491-b3c5-79e89095e9c6	GET	/user-info	undefined
20240104	06:59:47	 a8a12c1e-46cb-4719-b615-2f301c02c41b	GET	/projects	undefined
20240104	07:00:48	 26161589-c4d9-4c14-8352-b13b0eecfafa	GET	/projects	undefined
20240104	07:00:48	 351bcb95-4b09-45b1-b709-e9b1d4e6186e	GET	/user-info	undefined
20240104	07:01:49	 6fa93b0a-5b35-4df7-b939-413e2a5515fe	GET	/user-info	undefined
20240104	07:01:49	 e2c74d9f-4136-47e4-9b0b-8d9da82dce9b	GET	/projects	undefined
20240104	07:02:50	 615e5520-1d5a-46e9-94ac-07e706914c90	GET	/projects	undefined
20240104	07:02:50	 4e290c9f-f1fd-4623-b101-75f05d31e243	GET	/user-info	undefined
20240104	07:03:16	 b1504835-5676-4218-b918-d1bebe76971b	GET	/user-info	undefined
20240104	07:03:16	 f9b6ae71-cc52-4b78-b06d-89202d0453ad	GET	/projects	undefined
20240104	07:04:16	 46c868c0-5279-433b-b358-affe4d5e30da	GET	/projects	undefined
20240104	07:04:16	 5665e0f1-e190-4ad2-990d-4870b8361380	GET	/user-info	undefined
20240104	07:05:16	 3f8ee270-dd10-4e3f-a216-0b02d93b24d0	GET	/user-info	undefined
20240104	07:05:16	 a502b8c8-ff22-4411-a0d9-6d162784070b	GET	/projects	undefined
20240104	07:06:16	 28420244-5d61-4b36-9bab-4e438850b2d9	GET	/projects	undefined
20240104	07:06:16	 fb452650-b024-4bf2-a9c6-4c45f45066d2	GET	/user-info	undefined
20240104	07:06:57	 6eaab705-219a-47a7-9ee7-2b85add9ef1a	GET	/user-info	undefined
20240104	07:06:57	 7f7cbfe3-d8a4-4c0c-a7a3-b8a1c062c592	GET	/projects	undefined
20240104	07:07:57	 4c500f99-78b4-4584-8169-1c498b60b8ff	GET	/projects	undefined
20240104	07:07:57	 a8c30ca1-5e4a-4c0d-a2aa-d6bee2e0eab3	GET	/user-info	undefined
20240104	07:08:58	 3cb3e747-4cce-4d46-a9dd-7a6fcb1c26df	GET	/user-info	undefined
20240104	07:08:58	 25e022f7-0d4d-44d5-99b8-bb15f9a0ce20	GET	/projects	undefined
20240104	07:09:58	 8b22b968-e1bc-477d-93b7-6f33dff66b94	GET	/projects	undefined
20240104	07:09:58	 dfbd73f8-c059-43ac-a78e-a098135d3528	GET	/user-info	undefined
20240104	07:10:58	 d7f0cfa9-5b49-4567-a9d9-9c2fcdf03f7a	GET	/user-info	undefined
20240104	07:10:58	 b65789f7-aa5a-4560-9c67-9805fad87af3	GET	/projects	undefined
20240104	07:11:59	 f76831be-6e9a-476f-96da-976a9485b3df	GET	/projects	undefined
20240104	07:11:59	 55b072a5-71f5-47c9-8598-fab5eb9bd235	GET	/user-info	undefined
20240104	07:12:59	 b9440084-4f7a-4731-aa23-9c58f81e940c	GET	/projects	undefined
20240104	07:12:59	 c08b30ee-38a6-45f7-bd66-f3c8e3c7b279	GET	/user-info	undefined
20240104	07:13:59	 3cf3243a-6bc1-4f74-9672-30fccd892f58	GET	/projects	undefined
20240104	07:13:59	 61751e1c-5e8c-4d3c-b595-b8e354952d77	GET	/user-info	undefined
20240104	07:14:59	 f83b0811-3d5b-44fb-9f93-47415cd8dcbd	GET	/user-info	undefined
20240104	07:14:59	 02d13ed3-8cc4-46ed-83b3-6efbe58672a9	GET	/projects	undefined
20240104	07:16:00	 9ceacda9-1271-4fa1-9bcf-db252877117b	GET	/projects	undefined
20240104	07:16:00	 3f2351ca-942c-46d4-b9e3-0f9c165d52c3	GET	/user-info	undefined
20240104	07:17:01	 074820fb-bae3-46dc-a075-e7e1ac69b0a1	GET	/user-info	undefined
20240104	07:17:01	 53b716c8-b169-489b-8168-2a3e2eb7f7bc	GET	/projects	undefined
20240104	07:18:02	 b542e859-c794-4f17-83b1-2a61bce07b51	GET	/projects	undefined
20240104	07:18:02	 5184da56-596a-4638-b6d9-ac2cfb8288b6	GET	/user-info	undefined
20240104	07:19:03	 6a2176c9-f736-4715-8d62-25f71f443cb1	GET	/user-info	undefined
20240104	07:19:03	 197bd5f3-76b1-4fbf-b0ea-f4cc31ad6773	GET	/projects	undefined
20240104	07:20:04	 996e9c77-191e-400b-951a-ea2da6f1aa45	GET	/projects	undefined
20240104	07:20:04	 5adc2142-6314-41e6-8517-4a5ca17071eb	GET	/user-info	undefined
20240104	07:21:05	 69d1f735-bb04-43e1-a84c-fe7e347e7885	GET	/user-info	undefined
20240104	07:21:05	 7af60ecb-b1b3-4330-96ad-26dc5410e48a	GET	/projects	undefined
20240104	07:22:06	 3841703f-b519-40be-bce1-a672152fcf00	GET	/projects	undefined
20240104	07:22:06	 1c7c9e42-4bd2-45f5-a7c1-8f4c9738de2e	GET	/user-info	undefined
20240104	07:23:07	 1fb2485d-ef5c-4bef-8878-95da7cdda1ab	GET	/user-info	undefined
20240104	07:23:07	 8955ff3c-6649-4f7d-a072-54c2d8b1ce5e	GET	/projects	undefined
20240104	07:24:08	 1dd7f8a5-28d6-468c-9d1c-c367ac77d2ca	GET	/projects	undefined
20240104	07:24:08	 0260e85f-d93c-4c3c-8ad7-796f8419355a	GET	/user-info	undefined
20240104	07:25:09	 2b6e5c02-2671-4e14-9886-6a2d47eae3ba	GET	/user-info	undefined
20240104	07:25:09	 225455dc-691c-4188-8e7a-d1c92878c80b	GET	/projects	undefined
20240104	07:25:38	 1c30a8ea-72fb-4713-9f22-aeffce753256	GET	/user-info	undefined
20240104	07:25:38	 1d45e85e-1ff5-4f61-9f70-4f9d9ead1802	GET	/projects	undefined
20240104	07:26:39	 e5637e32-0466-486c-9678-9a00c7e6d8b4	GET	/projects	undefined
20240104	07:26:39	 a53ba52e-6816-4dc3-a39f-f9e2e7a492e0	GET	/user-info	undefined
20240104	07:27:40	 aa844b9e-f3f5-44be-a58b-02e7833393ca	GET	/user-info	undefined
20240104	07:27:40	 8ff18a27-2b66-4e03-83d3-ecb09e3b6e5c	GET	/projects	undefined
20240104	07:28:41	 9a98262f-4463-4b22-af16-b4bd730674b3	GET	/projects	undefined
20240104	07:28:41	 f1cddd01-52a4-4519-b9d4-34166aa2254d	GET	/user-info	undefined
20240104	07:29:42	 fc3a60de-9eec-4e89-9e98-28a164a7f977	GET	/user-info	undefined
20240104	07:29:42	 a54b386a-89f1-4999-a00c-b646afc2163a	GET	/projects	undefined
20240104	07:30:43	 bd365269-3935-485d-86bc-3ea6233f4521	GET	/projects	undefined
20240104	07:30:43	 d898063a-5445-4f5b-a407-f5d59543760f	GET	/user-info	undefined
20240104	07:31:31	 e5356487-82a3-4580-81f0-07631e4cf64e	GET	/user-info	undefined
20240104	07:31:31	 71946062-8243-4623-a09e-2126e0c2c80a	GET	/projects	undefined
20240104	08:54:56	 bbfb3b67-5ea3-4429-95f5-e89181d6cd15	GET	/user-info	undefined
20240104	08:54:58	 9c2c0afa-60f4-4ee2-89b5-fb42b8d41767	GET	/projects	undefined
20240104	08:54:58	 73be407e-3380-4868-8587-a409b7fc69da	GET	/interests	undefined
20240104	08:55:02	 6a33e3c3-1171-4b95-8bda-253a8399bac2	GET	/user-info	undefined
20240104	08:55:03	 6f177a9a-1b97-4912-92db-d9d99655f5e9	GET	/user-info	undefined
20240104	08:55:07	 9d54777f-9309-4122-aa96-26df1c13b491	GET	/projects	undefined
20240104	08:55:07	 f664de6f-3187-43bb-91e7-5a41dde25032	GET	/user-info	undefined
20240104	08:55:11	 b6f25cfe-4fc6-4040-b28c-8b8c9b15e041	GET	/skills	undefined
20240104	08:55:11	 77327c49-e211-4f3d-8946-1cfadddfdd62	GET	/education	undefined
20240104	08:55:11	 5b833216-1a5e-4fbe-b694-df77d43f0140	GET	/user-info	undefined
20240104	08:56:12	 eadc7e18-3132-4e53-9359-d323b53d8038	GET	/user-info	undefined
20240104	08:57:13	 49d560ec-3976-42bc-aa3f-92a77225d272	GET	/user-info	undefined
20240104	08:58:13	 2ab57b5e-59e6-4e10-bebb-e044095332d4	GET	/user-info	undefined
20240104	08:59:13	 fe297c98-3e48-45ac-a490-64c5cb11ad39	GET	/user-info	undefined
20240104	09:00:13	 a4a275f7-9cc6-4073-bccf-c7ebadaaee44	GET	/user-info	undefined
20240104	09:01:14	 8ff185b2-a9f5-477f-a093-34dac5b2415f	GET	/user-info	undefined
20240104	09:02:14	 f2b7eb69-6290-4e49-bb66-1fe786e8e30d	GET	/user-info	undefined
20240104	09:03:15	 ad3f35d1-3da2-4a5c-bfb0-76d16c945100	GET	/user-info	undefined
20240104	09:04:16	 77afd12c-0e16-4dee-aa64-d6790b9325fd	GET	/user-info	undefined
20240104	09:05:17	 8bb07b3b-e63a-4352-8210-fd0e2bf9b869	GET	/user-info	undefined
20240104	09:06:18	 3a239c15-a2e1-4eeb-94e8-be414551c086	GET	/user-info	undefined
20240104	09:07:19	 17b35299-30eb-40c1-a2b5-b6f397c80b0e	GET	/user-info	undefined
20240104	09:08:20	 44d64526-868b-4aea-a460-cc0c2e49068d	GET	/user-info	undefined
20240104	09:09:21	 8c0eeda5-09f2-4586-b3e2-63b2cb5d50df	GET	/user-info	undefined
20240104	09:10:22	 1c069b3f-318b-4e4a-8089-f30fcf438fae	GET	/user-info	undefined
20240104	09:11:23	 a0f43f70-ce63-4eff-bae9-52de027151b1	GET	/user-info	undefined
20240104	09:12:24	 7031b373-3dbe-4a5c-b5b8-877f7302f601	GET	/user-info	undefined
20240104	09:13:25	 8ec61fba-32ed-410f-9439-c05be852b38c	GET	/user-info	undefined
20240104	09:14:26	 f3ab09ec-19fc-4b15-b576-f117fc5860a1	GET	/user-info	undefined
20240104	09:15:27	 f4ce53cf-655a-4ee0-a7d5-082f855dd164	GET	/user-info	undefined
20240104	09:16:28	 6e2c561c-9207-47a0-8e8d-d60106d240cf	GET	/user-info	undefined
20240104	09:17:29	 54e19cd9-d44c-4204-9b1b-bf71266d2a64	GET	/user-info	undefined
20240104	09:18:30	 3341702e-49b9-4971-86e9-f8c7a5c9fdb2	GET	/user-info	undefined
20240104	09:19:31	 1bfc3b01-aac5-4bae-a29c-36ea89c99895	GET	/user-info	undefined
20240104	09:20:32	 e276e4de-f765-4426-884d-aa35308e3868	GET	/user-info	undefined
20240104	09:21:33	 ca5b1d18-4801-45b2-9d29-946cf398def2	GET	/user-info	undefined
20240104	09:22:34	 fef571ac-5a3b-4234-a223-8b9d6fcbffc9	GET	/user-info	undefined
20240104	09:22:59	 eddf9cc6-5d1f-452a-89b4-4ea6da1e947e	GET	/user-info	undefined
20240104	09:23:02	 30517db1-a7a0-4eba-af62-d97c7df44066	GET	/user-info	undefined
20240104	09:23:02	 4c2995f2-c755-479f-a8d4-44bbbc99494b	GET	/user-info	undefined
20240104	11:56:41	 d58521ea-905c-4cd3-9732-6f276119651d	GET	/user-info	undefined
20240104	11:56:43	 6f849131-660e-4cfd-af61-31fd3171b6e2	GET	/projects	undefined
20240104	11:56:43	 76609ba6-2e7d-45ba-b9e4-2de4ec6e8229	GET	/interests	undefined
20240104	11:57:43	 f44c72f3-840f-4a7c-9f2e-fe9fa99e1115	GET	/user-info	undefined
20240104	11:57:43	 bdeb52f2-2f62-49bd-a121-cbc1a29e5e99	GET	/projects	undefined
20240104	11:58:43	 1d3c1cf4-7f66-4c44-bd9e-3961d60ec79d	GET	/user-info	undefined
20240104	11:58:44	 417f8a4c-71c2-4531-832f-551563ce4932	GET	/projects	undefined
20240104	11:59:44	 ec91ad5f-581d-440d-8dd0-e6fec3420036	GET	/user-info	undefined
20240104	11:59:44	 6165d610-812f-438f-9bae-277e515ab66e	GET	/projects	undefined
20240104	12:00:44	 8c87a0b5-94e4-4228-b116-ead8185f4f0c	GET	/user-info	undefined
20240104	12:00:44	 1c30d580-f403-4aa0-868c-056371dbc7a1	GET	/projects	undefined
20240104	12:01:44	 8d1cbe93-05a0-47d0-a914-ebaf6caba585	GET	/user-info	undefined
20240104	12:01:45	 5d8addde-6d20-4e78-bcef-6cd93d39e81d	GET	/projects	undefined
20240104	12:02:45	 e230936f-3f24-443e-885d-4315acc7a809	GET	/user-info	undefined
20240104	12:02:45	 b9178e68-86ad-4f2e-b21e-a4f0640848e4	GET	/projects	undefined
20240104	12:03:45	 d57a7edd-43ce-4f1d-a009-0b3a1e2d191c	GET	/user-info	undefined
20240104	12:03:45	 efb9b400-9c56-403a-abcb-442775a43ccc	GET	/projects	undefined
20240104	12:04:45	 4378d93d-78d4-4e4f-a457-5abefd0f5922	GET	/user-info	undefined
20240104	12:04:45	 dfa57164-547e-4e71-b30a-378e5c1b50c1	GET	/projects	undefined
20240104	12:05:46	 d63f3eb6-0f74-4d3a-b7c8-754e783df5e4	GET	/user-info	undefined
20240104	12:05:46	 76be8030-160a-416f-b8e7-453152349423	GET	/projects	undefined
20240104	12:06:46	 8e2db195-e799-4f6a-9ff9-e2e8d7d80c89	GET	/user-info	undefined
20240104	12:06:46	 3d183324-a2db-4082-9975-0ed145fa6a08	GET	/projects	undefined
20240104	12:07:46	 9235d762-8c01-433f-84eb-e7f9e7980ccb	GET	/user-info	undefined
20240104	12:07:46	 107fa97c-8ed6-4d0e-a4b4-f762cd50f4d4	GET	/projects	undefined
20240104	12:08:47	 c89c6d8f-ea13-4487-8714-0aad5bd5069a	GET	/user-info	undefined
20240104	12:08:47	 89fe41cf-dcc9-4fde-b0c4-0bdf7f690e2b	GET	/projects	undefined
20240104	12:08:52	 9c8f14d1-d0c4-4e8a-8e3b-6f33f5862860	GET	/user-info	undefined
20240104	12:08:52	 451fa60f-e842-4c33-8463-acd9e026a780	GET	/projects	undefined
20240104	12:28:37	 f8948e37-2de2-436d-9e88-0ac98c93b922	GET	/user-info	undefined
20240104	12:28:38	 2f8ae574-24cd-48fc-b968-a87fad528731	GET	/projects	undefined
20240104	12:28:38	 f3ef9f8e-56be-49be-887b-472a3bb4d19b	GET	/interests	undefined
20240104	12:28:50	 a2782b97-a81f-4e39-a312-36b7c6b89da1	GET	/user-info	undefined
20240104	12:28:51	 165c0cb9-e61d-4e9d-9ab3-ff687e776cbc	GET	/projects	undefined
20240104	12:28:51	 f8e36729-ee7f-4df7-8737-9ca945271596	GET	/interests	undefined
20240104	12:29:16	 54d54f3e-69c0-4e7f-88e2-e0d1347249d1	GET	/user-info	undefined
20240104	12:29:16	 a4bc23dc-7b62-42f3-b5c3-e8966e23ed41	GET	/projects	undefined
20240104	12:29:42	 15e31edb-9634-4928-a179-252d1bd19aab	GET	/user-info	undefined
20240104	12:29:42	 963492a9-2f79-4b3d-b7d9-edba30fab93f	GET	/projects	undefined
20240104	12:30:11	 7deebc4a-fbe6-459a-a88f-49ba9df78a80	GET	/user-info	undefined
20240104	12:30:11	 744f76cf-ea6f-459c-9663-e88fed209217	GET	/projects	undefined
20240104	12:30:11	 f5c0cf87-3684-4019-bf23-75cf255a33d1	GET	/interests	undefined
